8403:APP_OPEN:startTime=1776360750019
25352:GENERAL_SHOW_PERSPECTIVE:perspective=org.jkiss.dbeaver.core.perspective
28100:SQL_EDITOR_OPEN:driver=mysql:mysql8
29344:SQL_EDITOR_OPEN:driver=mysql:mysql8
29576:CONNECTION_OPEN:origin=local&driver=mysql:mysql8
29614:CONNECTION_OPEN:origin=local&driver=mysql:mysql8
53679:SQL_EDITOR_OPEN:driver=
76241:SQL_EDITOR_EXECUTE_QUERY
76328:CONNECTION_OPEN:origin=local&driver=mysql:mysql8
87148:CONNECTION_CREATE:driver=mysql:mysql8
92029:SQL_EDITOR_EXECUTE_QUERY
92032:CONNECTION_OPEN:origin=local&driver=mysql:mysql8
112963:CONNECTION_CREATE:driver=mysql:mysql8
123950:CONNECTION_OPEN:origin=local&driver=mysql:mysql8
129567:SQL_EDITOR_OPEN:driver=mysql:mysql8
129640:CONNECTION_OPEN:origin=local&driver=mysql:mysql8
283005:GENERAL_VIEW_OPEN:view=org.jkiss.dbeaver.core.databaseNavigator
285854:CONNECTION_OPEN:origin=local&driver=mysql:mysql8
289103:CONNECTION_OPEN:origin=local&driver=mysql:mysql8
292210:CONNECTION_OPEN:origin=local&driver=mysql:mysql8
313285:CONNECTION_CREATE:driver=mysql:mysql8
318732:SQL_EDITOR_OPEN:driver=mysql:mysql8
318807:CONNECTION_OPEN:origin=local&driver=mysql:mysql8
326997:CONNECTION_OPEN:origin=local&driver=mysql:mysql8
469178:CONNECTION_CREATE:driver=mysql:mysql8
471861:CONNECTION_OPEN:origin=local&driver=mysql:mysql8
477497:ENTITY_EDITOR_OPEN:className=MySQLCatalog&driver=mysql:mysql8
487827:CONNECTION_OPEN:origin=local&driver=mysql:mysql8
501265:CONNECTION_CLOSE:origin=local&driver=mysql:mysql8
501269:CONNECTION_DELETE:driver=mysql:mysql8
503609:CONNECTION_OPEN:origin=local&driver=mysql:mysql8
517672:CONNECTION_CLOSE:origin=local&driver=mysql:mysql8
517672:CONNECTION_DELETE:driver=mysql:mysql8
519672:CONNECTION_OPEN:origin=local&driver=mysql:mysql8
526963:CONNECTION_CLOSE:origin=local&driver=mysql:mysql8
526963:CONNECTION_DELETE:driver=mysql:mysql8
530432:CONNECTION_OPEN:origin=local&driver=mysql:mysql8
543424:CONNECTION_CLOSE:origin=local&driver=mysql:mysql8
543425:CONNECTION_DELETE:driver=mysql:mysql8
545445:CONNECTION_OPEN:origin=local&driver=mysql:mysql8
548660:CONNECTION_OPEN:origin=local&driver=mysql:mysql8
551398:CONNECTION_OPEN:origin=local&driver=mysql:mysql8
553852:CONNECTION_OPEN:origin=local&driver=mysql:mysql8
566205:CONNECTION_CLOSE:origin=local&driver=mysql:mysql8
566205:CONNECTION_DELETE:driver=mysql:mysql8
572229:CONNECTION_CLOSE:origin=local&driver=mysql:mysql8
572229:CONNECTION_DELETE:driver=mysql:mysql8
577526:CONNECTION_CLOSE:origin=local&driver=mysql:mysql8
577526:CONNECTION_DELETE:driver=mysql:mysql8
582211:CONNECTION_CLOSE:origin=local&driver=mysql:mysql8
582211:CONNECTION_DELETE:driver=mysql:mysql8
584796:CONNECTION_OPEN:origin=local&driver=mysql:mysql8
588453:CONNECTION_OPEN:origin=local&driver=mysql:mysql8
597126:CONNECTION_DELETE:driver=mysql:mysql8
605802:CONNECTION_DELETE:driver=mysql:mysql8
613964:CONNECTION_CREATE:driver=mysql:mysql8
616308:SQL_EDITOR_OPEN:driver=mysql:mysql8
616364:CONNECTION_OPEN:origin=local&driver=mysql:mysql8
654648:SQL_EDITOR_OPEN:driver=mysql:mysql8
672816:SQL_EDITOR_EXECUTE_QUERY
686398:SQL_EDITOR_EXECUTE_QUERY
696989:SQL_EDITOR_EXECUTE_QUERY
708820:SQL_EDITOR_EXECUTE_QUERY
711149:SQL_EDITOR_EXECUTE_QUERY
732022:CONNECTION_CLOSE:origin=local&driver=mysql:mysql8
732022:CONNECTION_DELETE:driver=mysql:mysql8
737991:Open task manager
737995:GENERAL_VIEW_OPEN:view=org.jkiss.dbeaver.tasks
751609:SQL_EDITOR_EXECUTE_QUERY
755592:ENTITY_EDITOR_OPEN:className=MySQLCatalog&driver=mysql:mysql8
770308:SQL_EDITOR_EXECUTE_QUERY
779092:SQL_EDITOR_EXECUTE_QUERY
790085:ENTITY_EDITOR_OPEN:className=MySQLTable&driver=mysql:mysql8
797033:ENTITY_EDITOR_OPEN:className=MySQLTable&driver=mysql:mysql8
802206:ENTITY_EDITOR_OPEN:className=MySQLTable&driver=mysql:mysql8
813279:ENTITY_EDITOR_OPEN:className=MySQLTable&driver=mysql:mysql8
836852:SQL_EDITOR_EXECUTE_QUERY
864325:SQL_EDITOR_EXECUTE_QUERY
991732:SQL_EDITOR_SHOW_VARIABLES
996236:SQL_EDITOR_SHOW_LOG
1233704:GENERAL_VIEW_CLOSE:view=org.jkiss.dbeaver.tasks
1270430:ENTITY_EDITOR_OPEN:className=MySQLCatalog&driver=mysql:mysql8
1277379:CONNECTION_CREATE:driver=mysql:mysql8
1410800:SQL_EDITOR_EXECUTE_QUERY
1422946:SQL_EDITOR_EXECUTE_QUERY
1447315:SQL_EDITOR_EXECUTE_QUERY
1633669:SQL_EDITOR_EXECUTE_QUERY
1657837:SQL_EDITOR_EXECUTE_QUERY
1691751:SQL_EDITOR_EXECUTE_QUERY
1719807:SQL_EDITOR_EXECUTE_QUERY
1804714:SQL_EDITOR_EXECUTE_QUERY
1883913:SQL_EDITOR_EXECUTE_QUERY
2030970:SQL_EDITOR_EXECUTE_QUERY
2064444:SQL_EDITOR_EXECUTE_QUERY
2086697:SQL_EDITOR_EXECUTE_QUERY
2103541:SQL_EDITOR_EXECUTE_QUERY
2127581:SQL_EDITOR_EXECUTE_QUERY
2130388:SQL_EDITOR_EXECUTE_QUERY
2134649:SQL_EDITOR_EXECUTE_QUERY
2239670:SQL_EDITOR_EXECUTE_QUERY
2262139:SQL_EDITOR_EXECUTE_QUERY
2275331:SQL_EDITOR_EXECUTE_QUERY
2679577:SQL_EDITOR_EXECUTE_QUERY
2695199:SQL_EDITOR_EXECUTE_QUERY
2730399:SQL_EDITOR_EXECUTE_QUERY
2738867:SQL_EDITOR_EXECUTE_QUERY
2749954:SQL_EDITOR_EXECUTE_QUERY
2752639:SQL_EDITOR_EXECUTE_QUERY
2782546:SQL_EDITOR_EXECUTE_QUERY
2821571:SQL_EDITOR_EXECUTE_QUERY
2956278:SQL_EDITOR_EXECUTE_QUERY
2972493:SQL_EDITOR_EXECUTE_QUERY
2979163:SQL_EDITOR_EXECUTE_QUERY
3025030:SQL_EDITOR_EXECUTE_QUERY
3034712:SQL_EDITOR_EXECUTE_QUERY
3170571:SQL_EDITOR_EXECUTE_QUERY
3232438:SQL_EDITOR_EXECUTE_QUERY
3364904:CONNECTION_CREATE:driver=mysql:mysql8
3368829:ENTITY_EDITOR_OPEN:className=MySQLCatalog&driver=mysql:mysql8
3405296:CONNECTION_CREATE:driver=mysql:mysql8
3569340:SQL_EDITOR_EXECUTE_QUERY
3585906:SQL_EDITOR_EXECUTE_QUERY
3600155:SQL_EDITOR_EXECUTE_QUERY
3611816:SQL_EDITOR_EXECUTE_QUERY
3630080:SQL_EDITOR_EXECUTE_QUERY
3632642:SQL_EDITOR_EXECUTE_QUERY
3639342:SQL_EDITOR_EXECUTE_QUERY
3673991:SQL_EDITOR_EXECUTE_QUERY
3701669:SQL_EDITOR_SHOW_LOG
3703758:SQL_EDITOR_EXECUTE_QUERY
3743578:SQL_EDITOR_EXECUTE_QUERY
3803962:SQL_EDITOR_EXECUTE_QUERY
3816408:SQL_EDITOR_EXECUTE_QUERY
3837557:SQL_EDITOR_EXECUTE_QUERY
3952910:SQL_EDITOR_EXECUTE_QUERY
3966449:SQL_EDITOR_EXECUTE_QUERY
4005009:SQL_EDITOR_EXECUTE_QUERY
4076177:SQL_EDITOR_EXECUTE_QUERY
4102900:SQL_EDITOR_EXECUTE_QUERY
4844286:SQL_EDITOR_EXECUTE_QUERY
4862563:SQL_EDITOR_EXECUTE_QUERY
5079514:SQL_EDITOR_EXECUTE_QUERY
5142707:SQL_EDITOR_EXECUTE_QUERY
5148724:SQL_EDITOR_EXECUTE_QUERY
5166245:SQL_EDITOR_EXECUTE_QUERY
5240395:SQL_EDITOR_EXECUTE_QUERY
5264450:SQL_EDITOR_EXECUTE_QUERY
5285633:SQL_EDITOR_EXECUTE_QUERY
5438149:SQL_EDITOR_EXECUTE_QUERY
5438573:SQL_EDITOR_EXECUTE_QUERY
5500281:SQL_EDITOR_EXECUTE_QUERY
5572350:SQL_EDITOR_EXECUTE_QUERY
5636776:SQL_EDITOR_EXECUTE_QUERY
5643181:SQL_EDITOR_EXECUTE_QUERY
5649559:SQL_EDITOR_EXECUTE_QUERY
5650672:SQL_EDITOR_EXECUTE_QUERY
5652721:SQL_EDITOR_EXECUTE_QUERY
5655156:SQL_EDITOR_EXECUTE_QUERY
5750431:SQL_EDITOR_EXECUTE_QUERY
5772874:SQL_EDITOR_EXECUTE_QUERY
5774736:SQL_EDITOR_EXECUTE_QUERY
5777987:SQL_EDITOR_EXECUTE_QUERY
5820927:SQL_EDITOR_EXECUTE_QUERY
5872683:SQL_EDITOR_EXECUTE_QUERY
5886502:SQL_EDITOR_EXECUTE_QUERY
5918123:SQL_EDITOR_EXECUTE_QUERY
5949440:SQL_EDITOR_EXECUTE_QUERY
5961557:SQL_EDITOR_EXECUTE_QUERY
5970333:SQL_EDITOR_EXECUTE_QUERY
6100538:SQL_EDITOR_EXECUTE_QUERY
6114895:SQL_EDITOR_EXECUTE_QUERY
6149200:SQL_EDITOR_EXECUTE_QUERY
6161624:SQL_EDITOR_EXECUTE_QUERY
6183632:SQL_EDITOR_EXECUTE_QUERY
6270723:SQL_EDITOR_EXECUTE_QUERY
6319847:SQL_EDITOR_EXECUTE_QUERY
6384440:SQL_EDITOR_EXECUTE_QUERY
6439963:SQL_EDITOR_EXECUTE_QUERY
6481050:SQL_EDITOR_EXECUTE_QUERY
6532824:SQL_EDITOR_EXECUTE_QUERY
6532834:SQL_EDITOR_EXECUTE_QUERY
6532837:SQL_EDITOR_EXECUTE_QUERY
6532840:SQL_EDITOR_EXECUTE_QUERY
6532842:SQL_EDITOR_EXECUTE_QUERY
6532844:SQL_EDITOR_EXECUTE_QUERY
6532847:SQL_EDITOR_EXECUTE_QUERY
6532850:SQL_EDITOR_EXECUTE_QUERY
6532851:SQL_EDITOR_EXECUTE_QUERY
6532854:SQL_EDITOR_EXECUTE_QUERY
6532856:SQL_EDITOR_EXECUTE_QUERY
6532858:SQL_EDITOR_EXECUTE_QUERY
6532863:SQL_EDITOR_EXECUTE_QUERY
6532866:SQL_EDITOR_EXECUTE_QUERY
6532868:SQL_EDITOR_EXECUTE_QUERY
6532870:SQL_EDITOR_EXECUTE_QUERY
6532872:SQL_EDITOR_EXECUTE_QUERY
6532874:SQL_EDITOR_EXECUTE_QUERY
6532876:SQL_EDITOR_EXECUTE_QUERY
6532879:SQL_EDITOR_EXECUTE_QUERY
6532882:SQL_EDITOR_EXECUTE_QUERY
6540164:SQL_EDITOR_EXECUTE_QUERY
6541689:SQL_EDITOR_EXECUTE_QUERY
6552351:SQL_EDITOR_EXECUTE_QUERY
6558100:SQL_EDITOR_EXECUTE_QUERY
6558802:SQL_EDITOR_EXECUTE_QUERY
6558969:SQL_EDITOR_EXECUTE_QUERY
6561502:SQL_EDITOR_EXECUTE_QUERY
6561993:SQL_EDITOR_EXECUTE_QUERY
6581097:SQL_EDITOR_EXECUTE_QUERY
6591059:SQL_EDITOR_EXECUTE_QUERY
7054815:SQL_EDITOR_EXECUTE_QUERY
7059689:SQL_EDITOR_EXECUTE_QUERY
7210091:SQL_EDITOR_EXECUTE_QUERY
7212570:SQL_EDITOR_EXECUTE_QUERY
7226164:SQL_EDITOR_EXECUTE_QUERY
7232797:SQL_EDITOR_EXECUTE_QUERY
7245927:SQL_EDITOR_EXECUTE_QUERY
7264801:SQL_EDITOR_EXECUTE_QUERY
7499793:SQL_EDITOR_EXECUTE_QUERY
7512073:SQL_EDITOR_EXECUTE_QUERY
7564006:SQL_EDITOR_EXECUTE_QUERY
8266445:SQL_EDITOR_EXECUTE_QUERY
8650970:ENTITY_EDITOR_OPEN:className=MySQLCatalog&driver=mysql:mysql8
8657689:CONNECTION_CREATE:driver=mysql:mysql8
8677349:CONNECTION_OPEN:origin=local&driver=mysql:mysql8
8772877:CONNECTION_CREATE:driver=mysql:mysql8
8791473:ENTITY_EDITOR_OPEN:className=MySQLCatalog&driver=mysql:mysql8
8830868:CONNECTION_OPEN:origin=local&driver=mysql:mysql8
9066875:SQL_EDITOR_EXECUTE_QUERY
9106166:SQL_EDITOR_EXECUTE_QUERY
9108860:SQL_EDITOR_EXECUTE_QUERY
9357983:SQL_EDITOR_EXECUTE_QUERY
9374009:SQL_EDITOR_EXECUTE_QUERY
9377541:SQL_EDITOR_EXECUTE_QUERY
9404378:SQL_EDITOR_EXECUTE_QUERY
9524506:SQL_EDITOR_EXECUTE_QUERY
9536173:SQL_EDITOR_EXECUTE_QUERY
9543934:SQL_EDITOR_EXECUTE_QUERY
9664645:SQL_EDITOR_EXECUTE_QUERY
9672709:SQL_EDITOR_EXECUTE_QUERY
9674737:SQL_EDITOR_EXECUTE_QUERY
9716837:SQL_EDITOR_EXECUTE_QUERY
9722665:SQL_EDITOR_EXECUTE_QUERY
9779559:SQL_EDITOR_EXECUTE_QUERY
