18624:APP_OPEN:startTime=1776101463635
28668:GENERAL_SHOW_PERSPECTIVE:perspective=org.jkiss.dbeaver.core.perspective
28668:GENERAL_VIEW_OPEN:view=org.jkiss.dbeaver.core.projectNavigator
31234:SQL_EDITOR_OPEN:driver=mysql:mysql8
31979:SQL_EDITOR_OPEN:driver=
32107:CONNECTION_OPEN:driver=mysql:mysql8&origin=local
1019869:CONNECTION_CREATE:driver=mysql:mysql8
1023052:CONNECTION_OPEN:driver=mysql:mysql8&origin=local
1027503:ENTITY_EDITOR_OPEN:className=MySQLCatalog&driver=mysql:mysql8
1032615:SQL_EDITOR_OPEN:driver=mysql:mysql8
1068307:ENTITY_EDITOR_OPEN:className=MySQLTable&driver=mysql:mysql8
1075286:ENTITY_EDITOR_OPEN:className=MySQLTable&driver=mysql:mysql8
1094013:SQL_EDITOR_OPEN:driver=mysql:mysql8
1094076:CONNECTION_OPEN:driver=mysql:mysql8&origin=local
1253828:SQL_EDITOR_EXECUTE_QUERY
1286170:SQL_EDITOR_EXECUTE_QUERY
1289605:SQL_EDITOR_EXECUTE_QUERY
1299159:SQL_EDITOR_EXECUTE_QUERY
1319611:ENTITY_EDITOR_OPEN:className=MySQLCatalog&driver=mysql:mysql8
1323851:ENTITY_EDITOR_OPEN:className=MySQLTable&driver=mysql:mysql8
1351203:CONNECTION_CREATE:driver=mysql:mysql8
1356873:CONNECTION_CREATE:driver=mysql:mysql8
1359214:SQL_EDITOR_OPEN:driver=mysql:mysql8
1359294:CONNECTION_OPEN:driver=mysql:mysql8&origin=local
1363042:SQL_EDITOR_EXECUTE_QUERY
1379879:SQL_EDITOR_EXECUTE_QUERY
1395980:SQL_EDITOR_EXECUTE_QUERY
1456103:SQL_EDITOR_EXECUTE_QUERY
1466160:SQL_EDITOR_EXECUTE_QUERY
1528582:SQL_EDITOR_EXECUTE_QUERY
1535674:SQL_EDITOR_EXECUTE_QUERY
1538153:SQL_EDITOR_EXECUTE_QUERY
1543379:SQL_EDITOR_EXECUTE_QUERY
1580893:SQL_EDITOR_EXECUTE_QUERY
1622987:SQL_EDITOR_EXECUTE_QUERY
1638592:SQL_EDITOR_EXECUTE_QUERY
1641804:SQL_EDITOR_EXECUTE_QUERY
1658536:SQL_EDITOR_EXECUTE_QUERY
1688212:SQL_EDITOR_EXECUTE_QUERY
1693576:SQL_EDITOR_EXECUTE_QUERY
1696788:SQL_EDITOR_EXECUTE_QUERY
1700486:SQL_EDITOR_EXECUTE_QUERY
1702914:SQL_EDITOR_EXECUTE_QUERY
1706060:SQL_EDITOR_EXECUTE_QUERY
1708979:SQL_EDITOR_EXECUTE_QUERY
1711908:SQL_EDITOR_EXECUTE_QUERY
1719600:SQL_EDITOR_EXECUTE_QUERY
1742954:SQL_EDITOR_EXECUTE_QUERY
1747758:SQL_EDITOR_EXECUTE_QUERY
1749344:SQL_EDITOR_EXECUTE_QUERY
1756193:SQL_EDITOR_EXECUTE_QUERY
1758398:SQL_EDITOR_EXECUTE_QUERY
1760168:SQL_EDITOR_EXECUTE_QUERY
1775684:SQL_EDITOR_EXECUTE_QUERY
1821951:SQL_EDITOR_EXECUTE_QUERY
1833818:SQL_EDITOR_EXECUTE_QUERY
1839539:SQL_EDITOR_EXECUTE_QUERY
1851543:SQL_EDITOR_EXECUTE_QUERY
1867442:SQL_EDITOR_EXECUTE_QUERY
1878056:SQL_EDITOR_EXECUTE_QUERY
1882508:SQL_EDITOR_EXECUTE_QUERY
1906192:SQL_EDITOR_EXECUTE_QUERY
1916805:SQL_EDITOR_EXECUTE_QUERY
