10056:APP_OPEN:startTime=1776532886071
22770:GENERAL_SHOW_PERSPECTIVE:perspective=org.jkiss.dbeaver.core.perspective
23962:SQL_EDITOR_OPEN:driver=
47878:GENERAL_VIEW_OPEN:view=org.jkiss.dbeaver.core.databaseNavigator
50552:CONNECTION_OPEN:origin=local&driver=mysql:mysql8
55030:CONNECTION_OPEN:origin=local&driver=mysql:mysql8
65152:CONNECTION_CREATE:driver=mysql:mysql8
68837:CONNECTION_OPEN:origin=local&driver=mysql:mysql8
79012:CONNECTION_OPEN:origin=local&driver=mysql:mysql8
147245:CONNECTION_OPEN:origin=local&driver=mysql:mysql8
154760:ENTITY_EDITOR_OPEN:className=MySQLCatalog&driver=mysql:mysql8
170351:CONNECTION_CREATE:driver=mysql:mysql8
176840:SQL_EDITOR_OPEN:driver=mysql:mysql8
196880:SQL_EDITOR_OPEN:driver=
224444:CONNECTION_CREATE:driver=mysql:mysql8
278342:SQL_EDITOR_OPEN:driver=
300205:SQL_EDITOR_OPEN:driver=
306161:SQL_EDITOR_OPEN:driver=mysql:mysql8
306226:CONNECTION_OPEN:origin=local&driver=mysql:mysql8
313593:SQL_EDITOR_OPEN:driver=
344033:SQL_EDITOR_OPEN:driver=
420680:SQL_EDITOR_OPEN:driver=mysql:mysql8
420728:CONNECTION_OPEN:origin=local&driver=mysql:mysql8
484627:CONNECTION_CREATE:driver=mysql:mysql8
516083:SQL_EDITOR_OPEN:driver=mysql:mysql8
527401:SQL_EDITOR_OPEN:driver=mysql:mysql8
533355:SQL_EDITOR_EXECUTE_QUERY
552323:SQL_EDITOR_EXECUTE_QUERY
553408:SQL_EDITOR_EXECUTE_QUERY
553590:SQL_EDITOR_EXECUTE_QUERY
555343:SQL_EDITOR_EXECUTE_QUERY
1062438:SQL_EDITOR_EXECUTE_QUERY
1315680:SQL_EDITOR_EXECUTE_QUERY
1323418:SQL_EDITOR_EXECUTE_QUERY
1443140:SQL_EDITOR_EXECUTE_QUERY
1612368:SQL_SCRIPT_NEW
1612872:SQL_EDITOR_OPEN:driver=mysql:mysql8
1731254:SQL_EDITOR_OPEN:driver=
1758985:SQL_EDITOR_EXECUTE_QUERY
1815797:SQL_EDITOR_EXECUTE_QUERY
1903604:SQL_EDITOR_EXECUTE_QUERY
1919765:SQL_EDITOR_EXECUTE_QUERY
2039199:SQL_EDITOR_EXECUTE_QUERY
2052595:SQL_EDITOR_EXECUTE_QUERY
2075239:SQL_EDITOR_EXECUTE_QUERY
2152792:SQL_EDITOR_EXECUTE_QUERY
2164376:SQL_EDITOR_EXECUTE_QUERY
2168707:SQL_EDITOR_EXECUTE_QUERY
2192057:SQL_EDITOR_EXECUTE_QUERY
2254012:SQL_EDITOR_EXECUTE_QUERY
2258737:SQL_EDITOR_EXECUTE_QUERY
2349717:ENTITY_EDITOR_OPEN:className=MySQLCatalog&driver=mysql:mysql8
2402489:SQL_SCRIPT_NEW
2402920:SQL_EDITOR_OPEN:driver=mysql:mysql8
2406313:SQL_AI_POPUP
2596099:SQL_EDITOR_EXECUTE_QUERY
2631777:SQL_EDITOR_EXECUTE_QUERY
2648442:SQL_EDITOR_EXECUTE_QUERY
2668290:SQL_EDITOR_EXECUTE_QUERY
2741266:SQL_EDITOR_EXECUTE_QUERY
2769735:SQL_EDITOR_EXECUTE_QUERY
2810240:SQL_EDITOR_EXECUTE_QUERY
2817646:SQL_EDITOR_EXECUTE_QUERY
2819759:RESULT_SET_SCROLL
2820429:RESULT_SET_SCROLL
2820744:RESULT_SET_SCROLL
2823998:RESULT_SET_SCROLL
2824946:RESULT_SET_SCROLL
2833909:SQL_EDITOR_EXECUTE_QUERY
2841316:SQL_EDITOR_EXECUTE_QUERY
2846054:SQL_EDITOR_EXECUTE_QUERY
2850113:SQL_EDITOR_EXECUTE_QUERY
2864724:SQL_EDITOR_EXECUTE_QUERY
2901685:SQL_EDITOR_EXECUTE_QUERY
2951943:SQL_EDITOR_EXECUTE_QUERY
2962204:SQL_EDITOR_EXECUTE_QUERY
3000395:SQL_EDITOR_EXECUTE_QUERY
3040936:SQL_EDITOR_EXECUTE_QUERY
3068329:SQL_EDITOR_EXECUTE_QUERY
3079941:SQL_EDITOR_EXECUTE_QUERY
3094575:SQL_EDITOR_EXECUTE_QUERY
3336887:ENTITY_EDITOR_OPEN:className=MySQLCatalog&driver=mysql:mysql8
3393899:SQL_EDITOR_OPEN:driver=mysql:mysql8
3457807:SQL_SCRIPT_NEW
3458265:SQL_EDITOR_OPEN:driver=mysql:mysql8
3529849:SQL_EDITOR_EXECUTE_QUERY
3569132:SQL_EDITOR_EXECUTE_QUERY
3570376:SQL_EDITOR_EXECUTE_QUERY
3571322:SQL_EDITOR_EXECUTE_QUERY
3571495:SQL_EDITOR_EXECUTE_QUERY
3574171:SQL_EDITOR_EXECUTE_QUERY
3716020:SQL_EDITOR_OPEN:driver=
3728639:SQL_EDITOR_EXECUTE_QUERY
3759608:SQL_EDITOR_EXECUTE_QUERY
3806502:SQL_EDITOR_EXECUTE_QUERY
3810769:SQL_EDITOR_EXECUTE_QUERY
3905901:SQL_EDITOR_EXECUTE_QUERY
3911343:SQL_EDITOR_EXECUTE_QUERY
4006782:SQL_EDITOR_EXECUTE_QUERY
4107167:SQL_EDITOR_EXECUTE_QUERY
4133793:SQL_EDITOR_EXECUTE_QUERY
4152985:SQL_EDITOR_EXECUTE_QUERY
4163976:SQL_EDITOR_EXECUTE_QUERY
4848880:GENERAL_VIEW_OPEN:view=org.jkiss.dbeaver.core.databaseBrowser
5231876:SQL_EDITOR_OPEN:driver=mysql:mysql8
