2026-04-12 21:15:50.554 - DBeaver 26.0.2.202604051735 is starting
2026-04-12 21:15:50.560 - OS: Windows 11 10.0 (amd64)
2026-04-12 21:15:50.561 - Java version: 21.0.8 by Eclipse Adoptium (64bit)
2026-04-12 21:15:50.562 - Install path: 'C:\Users\Apdil\AppData\Local\DBeaver'
2026-04-12 21:15:50.563 - Instance path: 'file:/C:/Users/Apdil/AppData/Roaming/DBeaverData/workspace6/'
2026-04-12 21:15:50.571 - Memory available 130Mb/1024Mb
2026-04-12 21:15:50.585 - Initialize desktop platform...
2026-04-12 21:15:51.298 - BounceCastle bundle found. Use JCE provider BC
> Start Core File Systems [org.eclipse.core.filesystem 1.11.400.v20251107-0507]
> Start Core Resource Management [org.eclipse.core.resources 3.23.200.v20251217-0810]
> Start Team Support Core [org.eclipse.team.core 3.10.1000.v20260112-1030]
> Start DBeaver UI Navigator [org.jkiss.dbeaver.ui.navigator 1.0.176.202604051735]
> Start JFace Text [org.eclipse.jface.text 3.30.0.v20260203-0841]
2026-04-12 21:15:52.165 - Initialize base platform...
2026-04-12 21:15:52.196 - Platform initialized (1611ms)
2026-04-12 21:15:52.210 - Create display
2026-04-12 21:15:52.758 - Starting instance server at http://localhost:56245
2026-04-12 21:15:52.774 - Run workbench
> Start Eclipse e4 Workbench SWT [org.eclipse.e4.ui.workbench.swt 0.18.0.v20260119-0835]
> Start Eclipse Application Services [org.eclipse.e4.core.services 2.5.300.v20251112-1253]
> Start Eclipse UI Application Services [org.eclipse.e4.ui.services 1.6.600.v20251023-1358]
> Start Eclipse e4 Progress View [org.eclipse.e4.ui.progress 0.5.0.v20251217-1052]
> Start Eclipse Bindings Support [org.eclipse.e4.ui.bindings 0.15.0.v20251216-1230]
> Start Eclipse e4 core commands [org.eclipse.e4.core.commands 1.1.700.v20250916-0927]
> Start EMF XML/XMI Persistence [org.eclipse.emf.ecore.xmi 2.40.0.v20251210-1145]
> Start Eclipse CSS SWT Theme Support [org.eclipse.e4.ui.css.swt.theme 0.15.0.v20251216-1230]
> Start Eclipse e4 Workbench Add-ons [org.eclipse.e4.ui.workbench.addons.swt 1.6.0.v20251216-1230]
> Start Eclipse e4 Workbench SWT Renderer [org.eclipse.e4.ui.workbench.renderers.swt 0.17.0.v20260131-0926]
> Start Eclipse Dependency Injection Extensions [org.eclipse.e4.core.di.extensions 0.18.300.v20240413-1529]
> Start DBeaver AI Model [org.jkiss.dbeaver.model.ai 2.0.19.202604051735]
> Start DBeaver AI UI [org.jkiss.dbeaver.ui.ai 1.0.78.202604051735]
> Start Eclipse CSS SWT Support [org.eclipse.e4.ui.css.swt 0.16.0.v20251216-1230]
> Start Internet Connection Management [org.eclipse.core.net 1.5.800.v20250613-1119]
> Start Equinox Java Authentication and Authorization Service (JAAS) [org.eclipse.equinox.security 1.4.700.v20250622-1644]
> Start Internet Connection Management UI [org.eclipse.ui.net 1.6.0.v20251219-1227]
> Start GEF Classic Draw2d [org.eclipse.draw2d 3.22.0.202602231721]
> Start GEF Classic GEF (MVC) [org.eclipse.gef 3.25.0.202602162234]
> Start Eclipse SDK Themes [org.eclipse.ui.themes 1.2.2900.v20250806-1940]
> Start Default Text Editor [org.eclipse.ui.editors 3.21.0.v20260218-1452]
> Start Text Editor Framework [org.eclipse.ui.workbench.texteditor 3.20.0.v20260127-1637]
2026-04-12 21:15:55.812 - Configure workbench window
> Start DBeaver SQL Model [org.jkiss.dbeaver.model.sql 1.0.166.202604051735]
2026-04-12 21:15:56.092 - Total database drivers: 129 (129)
> Start Help System Core [org.eclipse.help 3.11.0.v20251227-1159]
2026-04-12 21:15:56.247 - Create actions
2026-04-12 21:16:01.164 - DBeaver 26.0.2.202604051735 is starting
2026-04-12 21:16:01.165 - OS: Windows 11 10.0 (amd64)
2026-04-12 21:16:01.166 - Java version: 21.0.8 by Eclipse Adoptium (64bit)
2026-04-12 21:16:01.167 - Install path: 'C:\Users\Apdil\AppData\Local\DBeaver'
2026-04-12 21:16:01.168 - Instance path: 'file:/C:/Users/Apdil/AppData/Roaming/DBeaverData/workspace6/'
2026-04-12 21:16:01.172 - Memory available 117Mb/1024Mb
2026-04-12 21:16:01.183 - Initialize desktop platform...
2026-04-12 21:16:01.824 - BounceCastle bundle found. Use JCE provider BC
> Start Core File Systems [org.eclipse.core.filesystem 1.11.400.v20251107-0507]
> Start Core Resource Management [org.eclipse.core.resources 3.23.200.v20251217-0810]
> Start DBeaver UI Navigator [org.jkiss.dbeaver.ui.navigator 1.0.176.202604051735]
> Start Team Support Core [org.eclipse.team.core 3.10.1000.v20260112-1030]
> Start Debug Core [org.eclipse.debug.core 3.23.200.v20251107-0507]
> Start Internet Connection Management [org.eclipse.core.net 1.5.800.v20250613-1119]
> Start JSch Core [org.eclipse.jsch.core 1.5.700.v20250723-0831]
2026-04-12 21:16:02.352 - Initialize base platform...
2026-04-12 21:16:02.391 - Platform initialized (1207ms)
2026-04-12 21:16:02.645 - Starting instance server at http://localhost:59966
2026-04-12 21:16:02.658 - Run workbench
> Start Eclipse e4 Workbench SWT [org.eclipse.e4.ui.workbench.swt 0.18.0.v20260119-0835]
> Start Eclipse Application Services [org.eclipse.e4.core.services 2.5.300.v20251112-1253]
> Start Eclipse UI Application Services [org.eclipse.e4.ui.services 1.6.600.v20251023-1358]
> Start Eclipse e4 Progress View [org.eclipse.e4.ui.progress 0.5.0.v20251217-1052]
> Start Eclipse Bindings Support [org.eclipse.e4.ui.bindings 0.15.0.v20251216-1230]
> Start Eclipse e4 core commands [org.eclipse.e4.core.commands 1.1.700.v20250916-0927]
> Start EMF XML/XMI Persistence [org.eclipse.emf.ecore.xmi 2.40.0.v20251210-1145]
> Start Eclipse CSS SWT Theme Support [org.eclipse.e4.ui.css.swt.theme 0.15.0.v20251216-1230]
> Start Eclipse e4 Workbench Add-ons [org.eclipse.e4.ui.workbench.addons.swt 1.6.0.v20251216-1230]
> Start Eclipse e4 Workbench SWT Renderer [org.eclipse.e4.ui.workbench.renderers.swt 0.17.0.v20260131-0926]
> Start Eclipse Dependency Injection Extensions [org.eclipse.e4.core.di.extensions 0.18.300.v20240413-1529]
> Start DBeaver AI Model [org.jkiss.dbeaver.model.ai 2.0.19.202604051735]
> Start DBeaver AI UI [org.jkiss.dbeaver.ui.ai 1.0.78.202604051735]
> Start Eclipse CSS SWT Support [org.eclipse.e4.ui.css.swt 0.16.0.v20251216-1230]
> Start Equinox Java Authentication and Authorization Service (JAAS) [org.eclipse.equinox.security 1.4.700.v20250622-1644]
> Start Internet Connection Management UI [org.eclipse.ui.net 1.6.0.v20251219-1227]
> Start GEF Classic Draw2d [org.eclipse.draw2d 3.22.0.202602231721]
> Start GEF Classic GEF (MVC) [org.eclipse.gef 3.25.0.202602162234]
> Start JFace Text [org.eclipse.jface.text 3.30.0.v20260203-0841]
> Start Eclipse SDK Themes [org.eclipse.ui.themes 1.2.2900.v20250806-1940]
> Start Default Text Editor [org.eclipse.ui.editors 3.21.0.v20260218-1452]
> Start Text Editor Framework [org.eclipse.ui.workbench.texteditor 3.20.0.v20260127-1637]
2026-04-12 21:16:06.074 - Configure workbench window
> Start DBeaver SQL Model [org.jkiss.dbeaver.model.sql 1.0.166.202604051735]
2026-04-12 21:16:06.409 - Total database drivers: 129 (129)
> Start Help System Core [org.eclipse.help 3.11.0.v20251227-1159]
2026-04-12 21:16:06.624 - Create actions
2026-04-12 21:16:09.444 - Initialize workbench window
2026-04-12 21:16:09.505 - Finish initialization
> Start DBeaver UI Editors - Data [org.jkiss.dbeaver.ui.editors.data 1.0.176.202604051735]
2026-04-12 21:16:11.302 - Initialize workbench window
2026-04-12 21:16:11.338 - Finish initialization
> Start DBeaver UI Editors - Data [org.jkiss.dbeaver.ui.editors.data 1.0.176.202604051735]
> Start DBeaver UI Editors - SQL [org.jkiss.dbeaver.ui.editors.sql 1.0.176.202604051735]
> Start DBeaver Dashboard UI [org.jkiss.dbeaver.ui.dashboard 1.0.173.202604051735]
> Start DBeaver ERD UI [org.jkiss.dbeaver.ui.editors.erd 3.1.17.202604051735]
> Start DBeaver ERD Model [org.jkiss.dbeaver.model.erd 1.1.17.202604051735]
> Start DBeaver UI Editors - SQL [org.jkiss.dbeaver.ui.editors.sql 1.0.176.202604051735]
> Start DBeaver Dashboard UI [org.jkiss.dbeaver.ui.dashboard 1.0.173.202604051735]
> Start DBeaver ERD UI [org.jkiss.dbeaver.ui.editors.erd 3.1.17.202604051735]
> Start DBeaver ERD Model [org.jkiss.dbeaver.model.erd 1.1.17.202604051735]
> Start DBeaver Sample Database [org.jkiss.dbeaver.ui.config.sample 1.0.213.202604051735]
> Start DBeaver JDBC Model [org.jkiss.dbeaver.model.jdbc 1.0.69.202604051735]
> Start DBeaver Generic Plug-in [org.jkiss.dbeaver.ext.generic 2.3.262.202604051735]
> Start DBeaver SQLite Model [org.jkiss.dbeaver.ext.sqlite 1.0.225.202604051735]
2026-04-12 21:16:21.292 - Open [https://dbeaver.io/product/version.xml]
> Start DBeaver MySQL UI Support [org.jkiss.dbeaver.ext.mysql.ui 1.0.168.202604051735]
> Start DBeaver MySQL Support [org.jkiss.dbeaver.ext.mysql 2.1.261.202604051735]
2026-04-12 21:16:42.026 - Service 'org.jkiss.dbeaver.ui.UIServiceConnectionEditor' not found
2026-04-12 21:16:42.168 - Service 'org.jkiss.dbeaver.runtime.ui.UIServiceSecurity' not found
2026-04-12 21:17:18.358 - Open [https://repo1.maven.org/maven2/com/mysql/mysql-connector-j/8.2.0/mysql-connector-j-8.2.0.pom]
2026-04-12 21:17:20.402 - Open [https://repo1.maven.org/maven2/com/google/protobuf/protobuf-java/3.21.9/protobuf-java-3.21.9.pom]
2026-04-12 21:17:20.559 - Open [https://repo1.maven.org/maven2/com/google/protobuf/protobuf-parent/3.21.9/protobuf-parent-3.21.9.pom]
2026-04-12 21:17:20.685 - Open [https://repo1.maven.org/maven2/com/google/protobuf/protobuf-bom/3.21.9/protobuf-bom-3.21.9.pom]
2026-04-12 21:17:31.879 - Open [https://repo1.maven.org/maven2/com/mysql/mysql-connector-j/8.2.0/mysql-connector-j-8.2.0.jar]
2026-04-12 21:17:33.383 - Open [https://repo1.maven.org/maven2/com/google/protobuf/protobuf-java/3.21.9/protobuf-java-3.21.9.jar]
2026-04-12 21:17:34.660 - Connect with 'localhost' (mysql8-19d82e902b8-14316b00ff45b35f)
2026-04-12 21:17:34.769 - Execution context opened (localhost; Main; 0)
> Start DBeaver GIS Support [org.jkiss.dbeaver.data.gis 1.0.200.202604051735]
2026-04-12 21:17:35.271 - Execution context opened (localhost; Metadata; 1)
2026-04-12 21:17:35.601 - Connected (mysql8-19d82e902b8-14316b00ff45b35f, MySQL Connector/J [mysql-connector-j-8.2.0 (Revision: 06a1f724497fd81c6a659131fda822c9e5085b6c)])
> Start DBeaver SQL Terminal [org.jkiss.dbeaver.ui.editors.sql.terminal 1.0.152.202604051735]
> Start Core Compare Support [org.eclipse.compare.core 3.8.800.v20250718-1505]
> Start Console [org.eclipse.ui.console 3.16.0.v20260123-1616]
2026-04-12 21:22:14.481 - Execution context opened (localhost; SQLEditor <Script.sql>; 2)
> Start DBeaver Tasks - Native Tools UI [org.jkiss.dbeaver.tasks.native.ui 1.0.154.202604051735]
> Start DBeaver Tasks - General UI [org.jkiss.dbeaver.tasks.ui 1.0.154.202604051735]
> Start DBeaver SQL Language Semantic Model [org.jkiss.dbeaver.model.lsm 1.0.71.202604051735]
> Start DBeaver Data Transfer [org.jkiss.dbeaver.data.transfer 2.0.160.202604051735]
2026-04-12 21:43:30.259 - Table 'gateway.students' not found in metadata catalog
2026-04-12 21:43:30.260 - Table 'gateway.students' not found in metadata catalog
2026-04-12 21:43:30.260 - Table 'gateway.students' not found in metadata catalog
2026-04-12 21:44:50.296 - Table 'gateway.teachers' not found in metadata catalog
2026-04-12 21:44:50.297 - Table 'gateway.teachers' not found in metadata catalog
2026-04-12 21:44:50.297 - Table 'gateway.teachers' not found in metadata catalog
2026-04-12 21:44:53.446 - Table 'gateway.teachers' not found in metadata catalog
2026-04-12 21:44:53.447 - Table 'gateway.teachers' not found in metadata catalog
2026-04-12 21:44:53.447 - Table 'gateway.teachers' not found in metadata catalog
2026-04-12 21:48:00.998 - Table 'gateway.teachers' not found in metadata catalog
2026-04-12 21:48:00.999 - Table 'gateway.teachers' not found in metadata catalog
2026-04-12 21:48:00.999 - Table 'gateway.teachers' not found in metadata catalog
2026-04-12 21:50:29.042 - Table 'gateway.teachers' not found in metadata catalog
2026-04-12 21:50:29.043 - Table 'gateway.teachers' not found in metadata catalog
2026-04-12 21:50:29.043 - Table 'gateway.teachers' not found in metadata catalog
2026-04-12 21:51:06.203 - Table 'gateway.teachers' not found in metadata catalog
2026-04-12 21:51:06.205 - Table 'gateway.teachers' not found in metadata catalog
2026-04-12 21:51:06.206 - Table 'gateway.teachers' not found in metadata catalog
2026-04-12 21:52:21.890 - Table 'gateway.teachers' not found in metadata catalog
2026-04-12 21:52:21.891 - Table 'gateway.teachers' not found in metadata catalog
2026-04-12 21:52:21.891 - Table 'gateway.teachers' not found in metadata catalog
2026-04-12 21:55:01.279 - Error while analyzing query text: delete fro teachers
java.lang.UnsupportedOperationException: Symbol entry origin has already been set
	at org.jkiss.dbeaver.model.sql.semantics.SQLQueryLexicalScopeItem.setOrigin(SQLQueryLexicalScopeItem.java:51)
	at org.jkiss.dbeaver.model.sql.semantics.SQLQuerySymbolEntry.setOrigin(SQLQuerySymbolEntry.java:90)
	at org.jkiss.dbeaver.model.sql.semantics.SQLQuerySemanticUtils.performPartialResolution(SQLQuerySemanticUtils.java:98)
	at org.jkiss.dbeaver.model.sql.semantics.model.select.SQLQueryRowsTableDataModel.resolveRowSourcesImpl(SQLQueryRowsTableDataModel.java:181)
	at org.jkiss.dbeaver.model.sql.semantics.model.select.SQLQueryRowsSourceModel.resolveRowSources(SQLQueryRowsSourceModel.java:91)
	at org.jkiss.dbeaver.model.sql.semantics.model.select.SQLQueryRowsCorrelatedSourceModel.resolveRowSourcesImpl(SQLQueryRowsCorrelatedSourceModel.java:118)
	at org.jkiss.dbeaver.model.sql.semantics.model.select.SQLQueryRowsSourceModel.resolveRowSources(SQLQueryRowsSourceModel.java:91)
	at org.jkiss.dbeaver.model.sql.semantics.model.dml.SQLQueryDeleteModel.resolveRowsReferencesImpl(SQLQueryDeleteModel.java:91)
	at org.jkiss.dbeaver.model.sql.semantics.model.dml.SQLQueryDMLStatementModel.resolveObjectAndRowsReferences(SQLQueryDMLStatementModel.java:54)
	at org.jkiss.dbeaver.model.sql.semantics.model.SQLQueryModel.resolveRelations(SQLQueryModel.java:72)
	at org.jkiss.dbeaver.model.sql.semantics.SQLQueryModelRecognizer.recognizeQuery(SQLQueryModelRecognizer.java:154)
	at org.jkiss.dbeaver.model.sql.semantics.SQLQueryModelRecognizer.recognizeQuery(SQLQueryModelRecognizer.java:1026)
	at org.jkiss.dbeaver.ui.editors.sql.semantics.SQLBackgroundParsingJob.doWork(SQLBackgroundParsingJob.java:606)
	at org.jkiss.dbeaver.ui.editors.sql.semantics.SQLBackgroundParsingJob$1.run(SQLBackgroundParsingJob.java:86)
	at org.jkiss.dbeaver.model.runtime.AbstractJob.run(AbstractJob.java:110)
	at org.eclipse.core.internal.jobs.Worker.run(Worker.java:63)
> Start DBeaver Dashboards Model [org.jkiss.dbeaver.model.dashboard 1.0.49.202604051735]
> Start DBeaver Tasks View [org.jkiss.dbeaver.tasks.ui.view 1.0.125.202604051735]
2026-04-12 21:57:36.918 - Table 'gateway.teachers' not found in metadata catalog
2026-04-12 21:57:36.918 - Table 'gateway.teachers' not found in metadata catalog
2026-04-12 21:57:36.919 - Table 'gateway.teachers' not found in metadata catalog
2026-04-12 21:59:09.870 - Table 'gateway.teachers' not found in metadata catalog
2026-04-12 21:59:09.871 - Table 'gateway.teachers' not found in metadata catalog
2026-04-12 21:59:09.871 - Table 'gateway.teachers' not found in metadata catalog
2026-04-12 22:00:03.482 - Table 'gateway.teachers' not found in metadata catalog
2026-04-12 22:00:03.482 - Table 'gateway.teachers' not found in metadata catalog
2026-04-12 22:00:03.483 - Table 'gateway.teachers' not found in metadata catalog
2026-04-12 22:00:24.737 - Table 'gateway.teachers' not found in metadata catalog
2026-04-12 22:00:24.738 - Table 'gateway.teachers' not found in metadata catalog
2026-04-12 22:00:24.738 - Table 'gateway.teachers' not found in metadata catalog
2026-04-12 22:02:53.601 - Table 'gateway.teachers' not found in metadata catalog
2026-04-12 22:02:53.602 - Table 'gateway.teachers' not found in metadata catalog
2026-04-12 22:02:53.602 - Table 'gateway.teachers' not found in metadata catalog
2026-04-12 22:02:59.329 - Table 'gateway.teachers' not found in metadata catalog
2026-04-12 22:02:59.329 - Table 'gateway.teachers' not found in metadata catalog
2026-04-12 22:02:59.330 - Table 'gateway.teachers' not found in metadata catalog
2026-04-12 22:03:32.216 - Table 'gateway.teachers' not found in metadata catalog
2026-04-12 22:03:32.216 - Table 'gateway.teachers' not found in metadata catalog
2026-04-12 22:03:32.216 - Table 'gateway.teachers' not found in metadata catalog
2026-04-12 22:07:23.930 - Table 'gateway.teachers' not found in metadata catalog
2026-04-12 22:07:23.930 - Table 'gateway.teachers' not found in metadata catalog
2026-04-12 22:07:23.931 - Table 'gateway.teachers' not found in metadata catalog
2026-04-12 22:12:35.490 - Table 'gateway.teachers' not found in metadata catalog
2026-04-12 22:12:35.490 - Table 'gateway.teachers' not found in metadata catalog
2026-04-12 22:12:35.490 - Table 'gateway.teachers' not found in metadata catalog
2026-04-12 22:12:59.377 - Table 'gateway.teachers' not found in metadata catalog
2026-04-12 22:12:59.378 - Table 'gateway.teachers' not found in metadata catalog
2026-04-12 22:12:59.378 - Table 'gateway.teachers' not found in metadata catalog
2026-04-12 22:13:36.293 - Table 'gateway.teachers' not found in metadata catalog
2026-04-12 22:13:36.293 - Table 'gateway.teachers' not found in metadata catalog
2026-04-12 22:13:36.294 - Table 'gateway.teachers' not found in metadata catalog
2026-04-12 22:14:49.024 - Table 'gateway.teachers' not found in metadata catalog
2026-04-12 22:14:49.025 - Table 'gateway.teachers' not found in metadata catalog
2026-04-12 22:14:49.025 - Table 'gateway.teachers' not found in metadata catalog
2026-04-12 22:15:07.813 - Table 'gateway.teachers' not found in metadata catalog
2026-04-12 22:15:07.813 - Table 'gateway.teachers' not found in metadata catalog
2026-04-12 22:15:07.813 - Table 'gateway.teachers' not found in metadata catalog
2026-04-12 22:15:42.720 - Error while analyzing query text: delete from teachers id 
java.lang.UnsupportedOperationException: Symbol entry origin has already been set
	at org.jkiss.dbeaver.model.sql.semantics.SQLQueryLexicalScopeItem.setOrigin(SQLQueryLexicalScopeItem.java:51)
	at org.jkiss.dbeaver.model.sql.semantics.SQLQuerySymbolEntry.setOrigin(SQLQuerySymbolEntry.java:90)
	at org.jkiss.dbeaver.model.sql.semantics.SQLQuerySemanticUtils.performPartialResolution(SQLQuerySemanticUtils.java:98)
	at org.jkiss.dbeaver.model.sql.semantics.model.select.SQLQueryRowsTableDataModel.resolveRowSourcesImpl(SQLQueryRowsTableDataModel.java:181)
	at org.jkiss.dbeaver.model.sql.semantics.model.select.SQLQueryRowsSourceModel.resolveRowSources(SQLQueryRowsSourceModel.java:91)
	at org.jkiss.dbeaver.model.sql.semantics.model.select.SQLQueryRowsCorrelatedSourceModel.resolveRowSourcesImpl(SQLQueryRowsCorrelatedSourceModel.java:118)
	at org.jkiss.dbeaver.model.sql.semantics.model.select.SQLQueryRowsSourceModel.resolveRowSources(SQLQueryRowsSourceModel.java:91)
	at org.jkiss.dbeaver.model.sql.semantics.model.dml.SQLQueryDeleteModel.resolveRowsReferencesImpl(SQLQueryDeleteModel.java:91)
	at org.jkiss.dbeaver.model.sql.semantics.model.dml.SQLQueryDMLStatementModel.resolveObjectAndRowsReferences(SQLQueryDMLStatementModel.java:54)
	at org.jkiss.dbeaver.model.sql.semantics.model.SQLQueryModel.resolveRelations(SQLQueryModel.java:72)
	at org.jkiss.dbeaver.model.sql.semantics.SQLQueryModelRecognizer.recognizeQuery(SQLQueryModelRecognizer.java:154)
	at org.jkiss.dbeaver.model.sql.semantics.SQLQueryModelRecognizer.recognizeQuery(SQLQueryModelRecognizer.java:1026)
	at org.jkiss.dbeaver.ui.editors.sql.semantics.SQLBackgroundParsingJob.doWork(SQLBackgroundParsingJob.java:606)
	at org.jkiss.dbeaver.ui.editors.sql.semantics.SQLBackgroundParsingJob$1.run(SQLBackgroundParsingJob.java:86)
	at org.jkiss.dbeaver.model.runtime.AbstractJob.run(AbstractJob.java:110)
	at org.eclipse.core.internal.jobs.Worker.run(Worker.java:63)
2026-04-12 22:15:43.601 - Error while analyzing query text: delete from teachers id = 
java.lang.UnsupportedOperationException: Symbol entry origin has already been set
	at org.jkiss.dbeaver.model.sql.semantics.SQLQueryLexicalScopeItem.setOrigin(SQLQueryLexicalScopeItem.java:51)
	at org.jkiss.dbeaver.model.sql.semantics.SQLQuerySymbolEntry.setOrigin(SQLQuerySymbolEntry.java:90)
	at org.jkiss.dbeaver.model.sql.semantics.SQLQuerySemanticUtils.performPartialResolution(SQLQuerySemanticUtils.java:98)
	at org.jkiss.dbeaver.model.sql.semantics.model.select.SQLQueryRowsTableDataModel.resolveRowSourcesImpl(SQLQueryRowsTableDataModel.java:181)
	at org.jkiss.dbeaver.model.sql.semantics.model.select.SQLQueryRowsSourceModel.resolveRowSources(SQLQueryRowsSourceModel.java:91)
	at org.jkiss.dbeaver.model.sql.semantics.model.select.SQLQueryRowsCorrelatedSourceModel.resolveRowSourcesImpl(SQLQueryRowsCorrelatedSourceModel.java:118)
	at org.jkiss.dbeaver.model.sql.semantics.model.select.SQLQueryRowsSourceModel.resolveRowSources(SQLQueryRowsSourceModel.java:91)
	at org.jkiss.dbeaver.model.sql.semantics.model.dml.SQLQueryDeleteModel.resolveRowsReferencesImpl(SQLQueryDeleteModel.java:91)
	at org.jkiss.dbeaver.model.sql.semantics.model.dml.SQLQueryDMLStatementModel.resolveObjectAndRowsReferences(SQLQueryDMLStatementModel.java:54)
	at org.jkiss.dbeaver.model.sql.semantics.model.SQLQueryModel.resolveRelations(SQLQueryModel.java:72)
	at org.jkiss.dbeaver.model.sql.semantics.SQLQueryModelRecognizer.recognizeQuery(SQLQueryModelRecognizer.java:154)
	at org.jkiss.dbeaver.model.sql.semantics.SQLQueryModelRecognizer.recognizeQuery(SQLQueryModelRecognizer.java:1026)
	at org.jkiss.dbeaver.ui.editors.sql.semantics.SQLBackgroundParsingJob.doWork(SQLBackgroundParsingJob.java:606)
	at org.jkiss.dbeaver.ui.editors.sql.semantics.SQLBackgroundParsingJob$1.run(SQLBackgroundParsingJob.java:86)
	at org.jkiss.dbeaver.model.runtime.AbstractJob.run(AbstractJob.java:110)
	at org.eclipse.core.internal.jobs.Worker.run(Worker.java:63)
2026-04-12 22:15:47.146 - Error while analyzing query text: delete from teachers id = 1
java.lang.UnsupportedOperationException: Symbol entry origin has already been set
	at org.jkiss.dbeaver.model.sql.semantics.SQLQueryLexicalScopeItem.setOrigin(SQLQueryLexicalScopeItem.java:51)
	at org.jkiss.dbeaver.model.sql.semantics.SQLQuerySymbolEntry.setOrigin(SQLQuerySymbolEntry.java:90)
	at org.jkiss.dbeaver.model.sql.semantics.SQLQuerySemanticUtils.performPartialResolution(SQLQuerySemanticUtils.java:98)
	at org.jkiss.dbeaver.model.sql.semantics.model.select.SQLQueryRowsTableDataModel.resolveRowSourcesImpl(SQLQueryRowsTableDataModel.java:181)
	at org.jkiss.dbeaver.model.sql.semantics.model.select.SQLQueryRowsSourceModel.resolveRowSources(SQLQueryRowsSourceModel.java:91)
	at org.jkiss.dbeaver.model.sql.semantics.model.select.SQLQueryRowsCorrelatedSourceModel.resolveRowSourcesImpl(SQLQueryRowsCorrelatedSourceModel.java:118)
	at org.jkiss.dbeaver.model.sql.semantics.model.select.SQLQueryRowsSourceModel.resolveRowSources(SQLQueryRowsSourceModel.java:91)
	at org.jkiss.dbeaver.model.sql.semantics.model.dml.SQLQueryDeleteModel.resolveRowsReferencesImpl(SQLQueryDeleteModel.java:91)
	at org.jkiss.dbeaver.model.sql.semantics.model.dml.SQLQueryDMLStatementModel.resolveObjectAndRowsReferences(SQLQueryDMLStatementModel.java:54)
	at org.jkiss.dbeaver.model.sql.semantics.model.SQLQueryModel.resolveRelations(SQLQueryModel.java:72)
	at org.jkiss.dbeaver.model.sql.semantics.SQLQueryModelRecognizer.recognizeQuery(SQLQueryModelRecognizer.java:154)
	at org.jkiss.dbeaver.model.sql.semantics.SQLQueryModelRecognizer.recognizeQuery(SQLQueryModelRecognizer.java:1026)
	at org.jkiss.dbeaver.ui.editors.sql.semantics.SQLBackgroundParsingJob.doWork(SQLBackgroundParsingJob.java:606)
	at org.jkiss.dbeaver.ui.editors.sql.semantics.SQLBackgroundParsingJob$1.run(SQLBackgroundParsingJob.java:86)
	at org.jkiss.dbeaver.model.runtime.AbstractJob.run(AbstractJob.java:110)
	at org.eclipse.core.internal.jobs.Worker.run(Worker.java:63)
2026-04-12 22:15:48.215 - Error while analyzing query text: delete from teachers id = 1'
java.lang.UnsupportedOperationException: Symbol entry origin has already been set
	at org.jkiss.dbeaver.model.sql.semantics.SQLQueryLexicalScopeItem.setOrigin(SQLQueryLexicalScopeItem.java:51)
	at org.jkiss.dbeaver.model.sql.semantics.SQLQuerySymbolEntry.setOrigin(SQLQuerySymbolEntry.java:90)
	at org.jkiss.dbeaver.model.sql.semantics.SQLQuerySemanticUtils.performPartialResolution(SQLQuerySemanticUtils.java:98)
	at org.jkiss.dbeaver.model.sql.semantics.model.select.SQLQueryRowsTableDataModel.resolveRowSourcesImpl(SQLQueryRowsTableDataModel.java:181)
	at org.jkiss.dbeaver.model.sql.semantics.model.select.SQLQueryRowsSourceModel.resolveRowSources(SQLQueryRowsSourceModel.java:91)
	at org.jkiss.dbeaver.model.sql.semantics.model.select.SQLQueryRowsCorrelatedSourceModel.resolveRowSourcesImpl(SQLQueryRowsCorrelatedSourceModel.java:118)
	at org.jkiss.dbeaver.model.sql.semantics.model.select.SQLQueryRowsSourceModel.resolveRowSources(SQLQueryRowsSourceModel.java:91)
	at org.jkiss.dbeaver.model.sql.semantics.model.dml.SQLQueryDeleteModel.resolveRowsReferencesImpl(SQLQueryDeleteModel.java:91)
	at org.jkiss.dbeaver.model.sql.semantics.model.dml.SQLQueryDMLStatementModel.resolveObjectAndRowsReferences(SQLQueryDMLStatementModel.java:54)
	at org.jkiss.dbeaver.model.sql.semantics.model.SQLQueryModel.resolveRelations(SQLQueryModel.java:72)
	at org.jkiss.dbeaver.model.sql.semantics.SQLQueryModelRecognizer.recognizeQuery(SQLQueryModelRecognizer.java:154)
	at org.jkiss.dbeaver.model.sql.semantics.SQLQueryModelRecognizer.recognizeQuery(SQLQueryModelRecognizer.java:1026)
	at org.jkiss.dbeaver.ui.editors.sql.semantics.SQLBackgroundParsingJob.doWork(SQLBackgroundParsingJob.java:606)
	at org.jkiss.dbeaver.ui.editors.sql.semantics.SQLBackgroundParsingJob$1.run(SQLBackgroundParsingJob.java:86)
	at org.jkiss.dbeaver.model.runtime.AbstractJob.run(AbstractJob.java:110)
	at org.eclipse.core.internal.jobs.Worker.run(Worker.java:63)
2026-04-12 22:15:49.510 - Error while analyzing query text: delete from teachers id = 1'
java.lang.UnsupportedOperationException: Symbol entry origin has already been set
	at org.jkiss.dbeaver.model.sql.semantics.SQLQueryLexicalScopeItem.setOrigin(SQLQueryLexicalScopeItem.java:51)
	at org.jkiss.dbeaver.model.sql.semantics.SQLQuerySymbolEntry.setOrigin(SQLQuerySymbolEntry.java:90)
	at org.jkiss.dbeaver.model.sql.semantics.SQLQuerySemanticUtils.performPartialResolution(SQLQuerySemanticUtils.java:98)
	at org.jkiss.dbeaver.model.sql.semantics.model.select.SQLQueryRowsTableDataModel.resolveRowSourcesImpl(SQLQueryRowsTableDataModel.java:181)
	at org.jkiss.dbeaver.model.sql.semantics.model.select.SQLQueryRowsSourceModel.resolveRowSources(SQLQueryRowsSourceModel.java:91)
	at org.jkiss.dbeaver.model.sql.semantics.model.select.SQLQueryRowsCorrelatedSourceModel.resolveRowSourcesImpl(SQLQueryRowsCorrelatedSourceModel.java:118)
	at org.jkiss.dbeaver.model.sql.semantics.model.select.SQLQueryRowsSourceModel.resolveRowSources(SQLQueryRowsSourceModel.java:91)
	at org.jkiss.dbeaver.model.sql.semantics.model.dml.SQLQueryDeleteModel.resolveRowsReferencesImpl(SQLQueryDeleteModel.java:91)
	at org.jkiss.dbeaver.model.sql.semantics.model.dml.SQLQueryDMLStatementModel.resolveObjectAndRowsReferences(SQLQueryDMLStatementModel.java:54)
	at org.jkiss.dbeaver.model.sql.semantics.model.SQLQueryModel.resolveRelations(SQLQueryModel.java:72)
	at org.jkiss.dbeaver.model.sql.semantics.SQLQueryModelRecognizer.recognizeQuery(SQLQueryModelRecognizer.java:154)
	at org.jkiss.dbeaver.model.sql.semantics.SQLQueryModelRecognizer.recognizeQuery(SQLQueryModelRecognizer.java:1026)
	at org.jkiss.dbeaver.ui.editors.sql.semantics.SQLBackgroundParsingJob.doWork(SQLBackgroundParsingJob.java:606)
	at org.jkiss.dbeaver.ui.editors.sql.semantics.SQLBackgroundParsingJob$1.run(SQLBackgroundParsingJob.java:86)
	at org.jkiss.dbeaver.model.runtime.AbstractJob.run(AbstractJob.java:110)
	at org.eclipse.core.internal.jobs.Worker.run(Worker.java:63)
2026-04-12 22:15:50.065 - Error while analyzing query text: delete from teachers id = 1
java.lang.UnsupportedOperationException: Symbol entry origin has already been set
	at org.jkiss.dbeaver.model.sql.semantics.SQLQueryLexicalScopeItem.setOrigin(SQLQueryLexicalScopeItem.java:51)
	at org.jkiss.dbeaver.model.sql.semantics.SQLQuerySymbolEntry.setOrigin(SQLQuerySymbolEntry.java:90)
	at org.jkiss.dbeaver.model.sql.semantics.SQLQuerySemanticUtils.performPartialResolution(SQLQuerySemanticUtils.java:98)
	at org.jkiss.dbeaver.model.sql.semantics.model.select.SQLQueryRowsTableDataModel.resolveRowSourcesImpl(SQLQueryRowsTableDataModel.java:181)
	at org.jkiss.dbeaver.model.sql.semantics.model.select.SQLQueryRowsSourceModel.resolveRowSources(SQLQueryRowsSourceModel.java:91)
	at org.jkiss.dbeaver.model.sql.semantics.model.select.SQLQueryRowsCorrelatedSourceModel.resolveRowSourcesImpl(SQLQueryRowsCorrelatedSourceModel.java:118)
	at org.jkiss.dbeaver.model.sql.semantics.model.select.SQLQueryRowsSourceModel.resolveRowSources(SQLQueryRowsSourceModel.java:91)
	at org.jkiss.dbeaver.model.sql.semantics.model.dml.SQLQueryDeleteModel.resolveRowsReferencesImpl(SQLQueryDeleteModel.java:91)
	at org.jkiss.dbeaver.model.sql.semantics.model.dml.SQLQueryDMLStatementModel.resolveObjectAndRowsReferences(SQLQueryDMLStatementModel.java:54)
	at org.jkiss.dbeaver.model.sql.semantics.model.SQLQueryModel.resolveRelations(SQLQueryModel.java:72)
	at org.jkiss.dbeaver.model.sql.semantics.SQLQueryModelRecognizer.recognizeQuery(SQLQueryModelRecognizer.java:154)
	at org.jkiss.dbeaver.model.sql.semantics.SQLQueryModelRecognizer.recognizeQuery(SQLQueryModelRecognizer.java:1026)
	at org.jkiss.dbeaver.ui.editors.sql.semantics.SQLBackgroundParsingJob.doWork(SQLBackgroundParsingJob.java:606)
	at org.jkiss.dbeaver.ui.editors.sql.semantics.SQLBackgroundParsingJob$1.run(SQLBackgroundParsingJob.java:86)
	at org.jkiss.dbeaver.model.runtime.AbstractJob.run(AbstractJob.java:110)
	at org.eclipse.core.internal.jobs.Worker.run(Worker.java:63)
2026-04-12 22:17:01.764 - Error while analyzing query text: delete from teachers whwrid = 1
java.lang.UnsupportedOperationException: Symbol entry origin has already been set
	at org.jkiss.dbeaver.model.sql.semantics.SQLQueryLexicalScopeItem.setOrigin(SQLQueryLexicalScopeItem.java:51)
	at org.jkiss.dbeaver.model.sql.semantics.SQLQuerySymbolEntry.setOrigin(SQLQuerySymbolEntry.java:90)
	at org.jkiss.dbeaver.model.sql.semantics.SQLQuerySemanticUtils.performPartialResolution(SQLQuerySemanticUtils.java:98)
	at org.jkiss.dbeaver.model.sql.semantics.model.select.SQLQueryRowsTableDataModel.resolveRowSourcesImpl(SQLQueryRowsTableDataModel.java:181)
	at org.jkiss.dbeaver.model.sql.semantics.model.select.SQLQueryRowsSourceModel.resolveRowSources(SQLQueryRowsSourceModel.java:91)
	at org.jkiss.dbeaver.model.sql.semantics.model.select.SQLQueryRowsCorrelatedSourceModel.resolveRowSourcesImpl(SQLQueryRowsCorrelatedSourceModel.java:118)
	at org.jkiss.dbeaver.model.sql.semantics.model.select.SQLQueryRowsSourceModel.resolveRowSources(SQLQueryRowsSourceModel.java:91)
	at org.jkiss.dbeaver.model.sql.semantics.model.dml.SQLQueryDeleteModel.resolveRowsReferencesImpl(SQLQueryDeleteModel.java:91)
	at org.jkiss.dbeaver.model.sql.semantics.model.dml.SQLQueryDMLStatementModel.resolveObjectAndRowsReferences(SQLQueryDMLStatementModel.java:54)
	at org.jkiss.dbeaver.model.sql.semantics.model.SQLQueryModel.resolveRelations(SQLQueryModel.java:72)
	at org.jkiss.dbeaver.model.sql.semantics.SQLQueryModelRecognizer.recognizeQuery(SQLQueryModelRecognizer.java:154)
	at org.jkiss.dbeaver.model.sql.semantics.SQLQueryModelRecognizer.recognizeQuery(SQLQueryModelRecognizer.java:1026)
	at org.jkiss.dbeaver.ui.editors.sql.semantics.SQLBackgroundParsingJob.doWork(SQLBackgroundParsingJob.java:606)
	at org.jkiss.dbeaver.ui.editors.sql.semantics.SQLBackgroundParsingJob$1.run(SQLBackgroundParsingJob.java:86)
	at org.jkiss.dbeaver.model.runtime.AbstractJob.run(AbstractJob.java:110)
	at org.eclipse.core.internal.jobs.Worker.run(Worker.java:63)
2026-04-12 22:17:03.112 - Error while analyzing query text: delete from teachers wheid = 1
java.lang.UnsupportedOperationException: Symbol entry origin has already been set
	at org.jkiss.dbeaver.model.sql.semantics.SQLQueryLexicalScopeItem.setOrigin(SQLQueryLexicalScopeItem.java:51)
	at org.jkiss.dbeaver.model.sql.semantics.SQLQuerySymbolEntry.setOrigin(SQLQuerySymbolEntry.java:90)
	at org.jkiss.dbeaver.model.sql.semantics.SQLQuerySemanticUtils.performPartialResolution(SQLQuerySemanticUtils.java:98)
	at org.jkiss.dbeaver.model.sql.semantics.model.select.SQLQueryRowsTableDataModel.resolveRowSourcesImpl(SQLQueryRowsTableDataModel.java:181)
	at org.jkiss.dbeaver.model.sql.semantics.model.select.SQLQueryRowsSourceModel.resolveRowSources(SQLQueryRowsSourceModel.java:91)
	at org.jkiss.dbeaver.model.sql.semantics.model.select.SQLQueryRowsCorrelatedSourceModel.resolveRowSourcesImpl(SQLQueryRowsCorrelatedSourceModel.java:118)
	at org.jkiss.dbeaver.model.sql.semantics.model.select.SQLQueryRowsSourceModel.resolveRowSources(SQLQueryRowsSourceModel.java:91)
	at org.jkiss.dbeaver.model.sql.semantics.model.dml.SQLQueryDeleteModel.resolveRowsReferencesImpl(SQLQueryDeleteModel.java:91)
	at org.jkiss.dbeaver.model.sql.semantics.model.dml.SQLQueryDMLStatementModel.resolveObjectAndRowsReferences(SQLQueryDMLStatementModel.java:54)
	at org.jkiss.dbeaver.model.sql.semantics.model.SQLQueryModel.resolveRelations(SQLQueryModel.java:72)
	at org.jkiss.dbeaver.model.sql.semantics.SQLQueryModelRecognizer.recognizeQuery(SQLQueryModelRecognizer.java:154)
	at org.jkiss.dbeaver.model.sql.semantics.SQLQueryModelRecognizer.recognizeQuery(SQLQueryModelRecognizer.java:1026)
	at org.jkiss.dbeaver.ui.editors.sql.semantics.SQLBackgroundParsingJob.doWork(SQLBackgroundParsingJob.java:606)
	at org.jkiss.dbeaver.ui.editors.sql.semantics.SQLBackgroundParsingJob$1.run(SQLBackgroundParsingJob.java:86)
	at org.jkiss.dbeaver.model.runtime.AbstractJob.run(AbstractJob.java:110)
	at org.eclipse.core.internal.jobs.Worker.run(Worker.java:63)
2026-04-12 22:17:22.054 - Table 'gateway.teachers' not found in metadata catalog
2026-04-12 22:17:22.055 - Table 'gateway.teachers' not found in metadata catalog
2026-04-12 22:17:22.055 - Table 'gateway.teachers' not found in metadata catalog
2026-04-12 22:19:14.975 - Table 'gateway.teachers' not found in metadata catalog
2026-04-12 22:19:14.976 - Table 'gateway.teachers' not found in metadata catalog
2026-04-12 22:19:14.976 - Table 'gateway.teachers' not found in metadata catalog
2026-04-12 22:20:10.921 - Object 'students' not found in struct cache ()
2026-04-12 22:20:10.923 - Object 'teacher' not found in struct cache ()
2026-04-12 22:20:10.923 - Object 'teachers' not found in struct cache ()
2026-04-12 22:20:10.923 - Object 'students' not found in struct cache ()
2026-04-12 22:20:10.923 - Object 'teacher' not found in struct cache ()
2026-04-12 22:20:10.923 - Object 'teachers' not found in struct cache ()
2026-04-12 22:20:10.923 - Object 'students' not found in struct cache ()
2026-04-12 22:20:10.923 - Object 'teacher' not found in struct cache ()
2026-04-12 22:20:10.924 - Object 'teachers' not found in struct cache ()
2026-04-12 22:20:10.970 - Object 'PRIMARY' owner 'students' not found
2026-04-12 22:20:10.971 - Object 'PRIMARY' owner 'teacher' not found
2026-04-12 22:20:10.971 - Object 'PRIMARY' owner 'teachers' not found
> Start DBeaver Sample Database [org.jkiss.dbeaver.ui.config.sample 1.0.213.202604051735]
> Start DBeaver JDBC Model [org.jkiss.dbeaver.model.jdbc 1.0.69.202604051735]
> Start DBeaver Generic Plug-in [org.jkiss.dbeaver.ext.generic 2.3.262.202604051735]
> Start DBeaver SQLite Model [org.jkiss.dbeaver.ext.sqlite 1.0.225.202604051735]
2026-04-12 22:20:23.594 - Open [https://dbeaver.io/product/version.xml]
2026-04-12 22:20:27.628 - Dispose navigator model
2026-04-12 22:20:27.733 - DBeaver is stopping
2026-04-12 22:20:27.737 - Stop instance server
2026-04-12 22:20:28.747 - Instance server has been stopped
2026-04-12 22:20:28.749 - DBeaver shutdown completed
2026-04-12 22:20:28.819 - Shutdown desktop platform...
2026-04-12 22:20:28.843 - Send collected statistics
2026-04-12 22:20:28.851 - Open [https://stats.dbeaver.com/send-statistics?session=46907a11-d6c8-41ab-b5be-0fea8d895b6a&time=1776021628]
2026-04-12 22:20:30.361 - Statistics sent (OK)
2026-04-12 22:20:30.464 - Platform shutdown completed (1643ms)
