2026-04-15 22:01:37.991 - DBeaver 26.0.2.202604051735 is starting
2026-04-15 22:01:37.995 - OS: Windows 11 10.0 (amd64)
2026-04-15 22:01:37.995 - Java version: 21.0.8 by Eclipse Adoptium (64bit)
2026-04-15 22:01:37.995 - Install path: 'C:\Users\Apdil\AppData\Local\DBeaver'
2026-04-15 22:01:37.996 - Instance path: 'file:/C:/Users/Apdil/AppData/Roaming/DBeaverData/workspace6/'
2026-04-15 22:01:38.000 - Memory available 64Mb/1024Mb
2026-04-15 22:01:38.009 - Initialize desktop platform...
2026-04-15 22:01:38.629 - BounceCastle bundle found. Use JCE provider BC
> Start Core File Systems [org.eclipse.core.filesystem 1.11.400.v20251107-0507]
> Start Core Resource Management [org.eclipse.core.resources 3.23.200.v20251217-0810]
> Start DBeaver UI Navigator [org.jkiss.dbeaver.ui.navigator 1.0.176.202604051735]
> Start Team Support Core [org.eclipse.team.core 3.10.1000.v20260112-1030]
2026-04-15 22:01:39.110 - Initialize base platform...
2026-04-15 22:01:39.169 - Schedule collected statistics send
2026-04-15 22:01:39.171 - Platform initialized (1161ms)
2026-04-15 22:01:39.201 - Create display
2026-04-15 22:01:39.939 - Starting instance server at http://localhost:65389
2026-04-15 22:01:39.955 - Run workbench
> Start Eclipse e4 Workbench SWT [org.eclipse.e4.ui.workbench.swt 0.18.0.v20260119-0835]
> Start Eclipse Application Services [org.eclipse.e4.core.services 2.5.300.v20251112-1253]
> Start Eclipse UI Application Services [org.eclipse.e4.ui.services 1.6.600.v20251023-1358]
> Start Eclipse e4 Progress View [org.eclipse.e4.ui.progress 0.5.0.v20251217-1052]
> Start Eclipse Bindings Support [org.eclipse.e4.ui.bindings 0.15.0.v20251216-1230]
> Start Eclipse e4 core commands [org.eclipse.e4.core.commands 1.1.700.v20250916-0927]
> Start EMF XML/XMI Persistence [org.eclipse.emf.ecore.xmi 2.40.0.v20251210-1145]
> Start Eclipse CSS SWT Theme Support [org.eclipse.e4.ui.css.swt.theme 0.15.0.v20251216-1230]
> Start Eclipse e4 Workbench Add-ons [org.eclipse.e4.ui.workbench.addons.swt 1.6.0.v20251216-1230]
> Start Eclipse e4 Workbench SWT Renderer [org.eclipse.e4.ui.workbench.renderers.swt 0.17.0.v20260131-0926]
> Start Eclipse Dependency Injection Extensions [org.eclipse.e4.core.di.extensions 0.18.300.v20240413-1529]
> Start DBeaver AI Model [org.jkiss.dbeaver.model.ai 2.0.19.202604051735]
> Start DBeaver AI UI [org.jkiss.dbeaver.ui.ai 1.0.78.202604051735]
> Start Eclipse CSS SWT Support [org.eclipse.e4.ui.css.swt 0.16.0.v20251216-1230]
> Start Internet Connection Management [org.eclipse.core.net 1.5.800.v20250613-1119]
> Start Equinox Java Authentication and Authorization Service (JAAS) [org.eclipse.equinox.security 1.4.700.v20250622-1644]
> Start Internet Connection Management UI [org.eclipse.ui.net 1.6.0.v20251219-1227]
> Start GEF Classic Draw2d [org.eclipse.draw2d 3.22.0.202602231721]
> Start GEF Classic GEF (MVC) [org.eclipse.gef 3.25.0.202602162234]
> Start JFace Text [org.eclipse.jface.text 3.30.0.v20260203-0841]
> Start Default Text Editor [org.eclipse.ui.editors 3.21.0.v20260218-1452]
> Start Text Editor Framework [org.eclipse.ui.workbench.texteditor 3.20.0.v20260127-1637]
2026-04-15 22:01:43.767 - Configure workbench window
> Start DBeaver SQL Model [org.jkiss.dbeaver.model.sql 1.0.166.202604051735]
2026-04-15 22:01:44.121 - Total database drivers: 129 (129)
> Start Help System Core [org.eclipse.help 3.11.0.v20251227-1159]
2026-04-15 22:01:44.312 - Create actions
2026-04-15 22:01:46.016 - Initialize workbench window
2026-04-15 22:01:46.051 - Finish initialization
> Start DBeaver UI Editors - Data [org.jkiss.dbeaver.ui.editors.data 1.0.176.202604051735]
> Start DBeaver UI Editors - SQL [org.jkiss.dbeaver.ui.editors.sql 1.0.176.202604051735]
> Start DBeaver SQL Terminal [org.jkiss.dbeaver.ui.editors.sql.terminal 1.0.152.202604051735]
> Start Core Compare Support [org.eclipse.compare.core 3.8.800.v20250718-1505]
> Start DBeaver Sample Database [org.jkiss.dbeaver.ui.config.sample 1.0.213.202604051735]
> Start Console [org.eclipse.ui.console 3.16.0.v20260123-1616]
> Start Debug Core [org.eclipse.debug.core 3.23.200.v20251107-0507]
> Start DBeaver JDBC Model [org.jkiss.dbeaver.model.jdbc 1.0.69.202604051735]
> Start DBeaver MySQL Support [org.jkiss.dbeaver.ext.mysql 2.1.261.202604051735]
> Start DBeaver Tasks - Native Tools UI [org.jkiss.dbeaver.tasks.native.ui 1.0.154.202604051735]
> Start DBeaver MySQL UI Support [org.jkiss.dbeaver.ext.mysql.ui 1.0.168.202604051735]
> Start DBeaver Tasks - General UI [org.jkiss.dbeaver.tasks.ui 1.0.154.202604051735]
> Start DBeaver SQL Language Semantic Model [org.jkiss.dbeaver.model.lsm 1.0.71.202604051735]
> Start DBeaver Dashboard UI [org.jkiss.dbeaver.ui.dashboard 1.0.173.202604051735]
> Start DBeaver ERD UI [org.jkiss.dbeaver.ui.editors.erd 3.1.17.202604051735]
> Start DBeaver ERD Model [org.jkiss.dbeaver.model.erd 1.1.17.202604051735]
2026-04-15 22:01:54.882 - Connect with 'localhost' (mysql8-19d88102b75-17ec7387226ae179)
2026-04-15 22:01:54.882 - Connect with 'localhost 5' (mysql8-19d8bf70d8c-61dce2f47b7ab92a)
2026-04-15 22:01:54.962 - Execution context opened (localhost; Main; 0)
2026-04-15 22:01:54.966 - Execution context opened (localhost 5; Main; 1)
> Start DBeaver GIS Support [org.jkiss.dbeaver.data.gis 1.0.200.202604051735]
2026-04-15 22:01:55.643 - Execution context closed (localhost, 0)
2026-04-15 22:01:55.732 - Execution context opened (localhost 5; Metadata; 2)
2026-04-15 22:01:55.870 - Execution context opened (localhost 5; SQLEditor <Script-2.sql>; 3)
2026-04-15 22:01:56.100 - Connected (mysql8-19d8bf70d8c-61dce2f47b7ab92a, MySQL Connector/J [mysql-connector-j-8.2.0 (Revision: 06a1f724497fd81c6a659131fda822c9e5085b6c)])
> Start Search Support [org.eclipse.search 3.18.0.v20260103-1533]
2026-04-15 22:05:31.084 - Execution context closed (localhost 5, 3)
2026-04-15 22:05:31.821 - Dispose navigator model
2026-04-15 22:05:31.982 - DBeaver is stopping
2026-04-15 22:05:31.987 - Stop instance server
2026-04-15 22:05:32.999 - DBeaver shutdown completed
2026-04-15 22:05:33.017 - Instance server has been stopped
2026-04-15 22:05:33.090 - Shutdown desktop platform...
2026-04-15 22:05:33.096 - Send collected statistics
2026-04-15 22:05:33.114 - Open [https://stats.dbeaver.com/send-statistics?session=1379e8bc-4d80-4270-b49d-fbce7727f51f&time=1776279704]
2026-04-15 22:05:35.910 - Statistics sent (OK)
2026-04-15 22:05:35.937 - Execution context closed (localhost 5, 1)
2026-04-15 22:05:35.950 - Execution context closed (localhost 5, 2)
2026-04-15 22:05:35.951 - Disconnected (mysql8-19d8bf70d8c-61dce2f47b7ab92a)
2026-04-15 22:05:36.109 - Platform shutdown completed (3018ms)
