2026-04-13 20:13:30.719 - DBeaver 26.0.2.202604051735 is starting
2026-04-13 20:13:30.724 - OS: Windows 11 10.0 (amd64)
2026-04-13 20:13:30.724 - Java version: 21.0.8 by Eclipse Adoptium (64bit)
2026-04-13 20:13:30.725 - Install path: 'C:\Users\Apdil\AppData\Local\DBeaver'
2026-04-13 20:13:30.725 - Instance path: 'file:/C:/Users/Apdil/AppData/Roaming/DBeaverData/workspace6/'
2026-04-13 20:13:30.733 - Memory available 64Mb/1024Mb
2026-04-13 20:13:30.747 - Initialize desktop platform...
2026-04-13 20:13:31.441 - BounceCastle bundle found. Use JCE provider BC
> Start Core File Systems [org.eclipse.core.filesystem 1.11.400.v20251107-0507]
> Start Core Resource Management [org.eclipse.core.resources 3.23.200.v20251217-0810]
> Start Team Support Core [org.eclipse.team.core 3.10.1000.v20260112-1030]
> Start DBeaver UI Navigator [org.jkiss.dbeaver.ui.navigator 1.0.176.202604051735]
2026-04-13 20:13:31.931 - Initialize base platform...
2026-04-13 20:13:31.983 - Schedule collected statistics send
2026-04-13 20:13:31.983 - Platform initialized (1237ms)
2026-04-13 20:13:32.014 - Create display
2026-04-13 20:13:32.745 - Starting instance server at http://localhost:60930
2026-04-13 20:13:32.761 - Run workbench
> Start Eclipse e4 Workbench SWT [org.eclipse.e4.ui.workbench.swt 0.18.0.v20260119-0835]
> Start Eclipse Application Services [org.eclipse.e4.core.services 2.5.300.v20251112-1253]
> Start Eclipse UI Application Services [org.eclipse.e4.ui.services 1.6.600.v20251023-1358]
> Start Eclipse e4 Progress View [org.eclipse.e4.ui.progress 0.5.0.v20251217-1052]
> Start Eclipse Bindings Support [org.eclipse.e4.ui.bindings 0.15.0.v20251216-1230]
> Start Eclipse e4 core commands [org.eclipse.e4.core.commands 1.1.700.v20250916-0927]
> Start EMF XML/XMI Persistence [org.eclipse.emf.ecore.xmi 2.40.0.v20251210-1145]
> Start Eclipse CSS SWT Theme Support [org.eclipse.e4.ui.css.swt.theme 0.15.0.v20251216-1230]
> Start Eclipse e4 Workbench Add-ons [org.eclipse.e4.ui.workbench.addons.swt 1.6.0.v20251216-1230]
> Start Eclipse e4 Workbench SWT Renderer [org.eclipse.e4.ui.workbench.renderers.swt 0.17.0.v20260131-0926]
> Start Eclipse Dependency Injection Extensions [org.eclipse.e4.core.di.extensions 0.18.300.v20240413-1529]
> Start DBeaver AI Model [org.jkiss.dbeaver.model.ai 2.0.19.202604051735]
> Start DBeaver AI UI [org.jkiss.dbeaver.ui.ai 1.0.78.202604051735]
> Start Eclipse CSS SWT Support [org.eclipse.e4.ui.css.swt 0.16.0.v20251216-1230]
> Start Internet Connection Management [org.eclipse.core.net 1.5.800.v20250613-1119]
> Start Equinox Java Authentication and Authorization Service (JAAS) [org.eclipse.equinox.security 1.4.700.v20250622-1644]
> Start Internet Connection Management UI [org.eclipse.ui.net 1.6.0.v20251219-1227]
> Start GEF Classic Draw2d [org.eclipse.draw2d 3.22.0.202602231721]
> Start GEF Classic GEF (MVC) [org.eclipse.gef 3.25.0.202602162234]
> Start JFace Text [org.eclipse.jface.text 3.30.0.v20260203-0841]
> Start Default Text Editor [org.eclipse.ui.editors 3.21.0.v20260218-1452]
> Start Text Editor Framework [org.eclipse.ui.workbench.texteditor 3.20.0.v20260127-1637]
2026-04-13 20:13:36.852 - Configure workbench window
> Start DBeaver SQL Model [org.jkiss.dbeaver.model.sql 1.0.166.202604051735]
2026-04-13 20:13:37.224 - Total database drivers: 129 (129)
> Start Help System Core [org.eclipse.help 3.11.0.v20251227-1159]
2026-04-13 20:13:37.389 - Create actions
2026-04-13 20:13:38.928 - Initialize workbench window
2026-04-13 20:13:38.965 - Finish initialization
> Start DBeaver UI Editors - Data [org.jkiss.dbeaver.ui.editors.data 1.0.176.202604051735]
> Start DBeaver UI Editors - SQL [org.jkiss.dbeaver.ui.editors.sql 1.0.176.202604051735]
> Start DBeaver SQL Terminal [org.jkiss.dbeaver.ui.editors.sql.terminal 1.0.152.202604051735]
> Start Core Compare Support [org.eclipse.compare.core 3.8.800.v20250718-1505]
> Start DBeaver Sample Database [org.jkiss.dbeaver.ui.config.sample 1.0.213.202604051735]
> Start DBeaver Dashboard UI [org.jkiss.dbeaver.ui.dashboard 1.0.173.202604051735]
> Start DBeaver ERD UI [org.jkiss.dbeaver.ui.editors.erd 3.1.17.202604051735]
> Start DBeaver ERD Model [org.jkiss.dbeaver.model.erd 1.1.17.202604051735]
> Start DBeaver JDBC Model [org.jkiss.dbeaver.model.jdbc 1.0.69.202604051735]
> Start DBeaver MySQL Support [org.jkiss.dbeaver.ext.mysql 2.1.261.202604051735]
> Start Console [org.eclipse.ui.console 3.16.0.v20260123-1616]
> Start Debug Core [org.eclipse.debug.core 3.23.200.v20251107-0507]
2026-04-13 20:13:45.780 - Datasource mysql8-19d82e902b8-14316b00ff45b35f not found in project General (/General/Scripts/Script.sql)
2026-04-13 20:13:45.801 - Datasource mysql8-19d82e902b8-14316b00ff45b35f not found in project General (/General/Scripts/Script.sql)
2026-04-13 20:13:45.805 - Datasource dbeaver-sample-database-sqlite-1 not found in project General (/General/Scripts/Script-2.sql)
2026-04-13 20:13:45.881 - Datasource mysql8-19d82e902b8-14316b00ff45b35f not found in project General (/General/Scripts/Script.sql)
2026-04-13 20:13:45.884 - Datasource dbeaver-sample-database-sqlite-1 not found in project General (/General/Scripts/Script-2.sql)
2026-04-13 20:13:45.894 - Datasource mysql8-19d82e902b8-14316b00ff45b35f not found in project General (/General/Scripts/Script.sql)
2026-04-13 20:13:45.897 - Datasource dbeaver-sample-database-sqlite-1 not found in project General (/General/Scripts/Script-2.sql)
2026-04-13 20:13:45.911 - Datasource mysql8-19d82e902b8-14316b00ff45b35f not found in project General (/General/Scripts/Script.sql)
2026-04-13 20:13:45.914 - Datasource dbeaver-sample-database-sqlite-1 not found in project General (/General/Scripts/Script-2.sql)
2026-04-13 20:13:45.926 - Datasource mysql8-19d82e902b8-14316b00ff45b35f not found in project General (/General/Scripts/Script.sql)
2026-04-13 20:13:45.929 - Datasource dbeaver-sample-database-sqlite-1 not found in project General (/General/Scripts/Script-2.sql)
2026-04-13 20:13:45.938 - Datasource mysql8-19d82e902b8-14316b00ff45b35f not found in project General (/General/Scripts/Script.sql)
2026-04-13 20:13:45.940 - Datasource dbeaver-sample-database-sqlite-1 not found in project General (/General/Scripts/Script-2.sql)
2026-04-13 20:13:45.950 - Datasource mysql8-19d82e902b8-14316b00ff45b35f not found in project General (/General/Scripts/Script.sql)
2026-04-13 20:13:45.952 - Datasource dbeaver-sample-database-sqlite-1 not found in project General (/General/Scripts/Script-2.sql)
2026-04-13 20:13:45.974 - Datasource mysql8-19d82e902b8-14316b00ff45b35f not found in project General (/General/Scripts/Script.sql)
2026-04-13 20:13:45.978 - Datasource dbeaver-sample-database-sqlite-1 not found in project General (/General/Scripts/Script-2.sql)
2026-04-13 20:13:46.005 - Datasource mysql8-19d82e902b8-14316b00ff45b35f not found in project General (/General/Scripts/Script.sql)
2026-04-13 20:13:46.009 - Datasource dbeaver-sample-database-sqlite-1 not found in project General (/General/Scripts/Script-2.sql)
2026-04-13 20:13:46.021 - Datasource mysql8-19d82e902b8-14316b00ff45b35f not found in project General (/General/Scripts/Script.sql)
2026-04-13 20:13:46.024 - Datasource dbeaver-sample-database-sqlite-1 not found in project General (/General/Scripts/Script-2.sql)
2026-04-13 20:13:46.034 - Datasource mysql8-19d82e902b8-14316b00ff45b35f not found in project General (/General/Scripts/Script.sql)
2026-04-13 20:13:46.037 - Datasource dbeaver-sample-database-sqlite-1 not found in project General (/General/Scripts/Script-2.sql)
2026-04-13 20:13:46.049 - Datasource mysql8-19d82e902b8-14316b00ff45b35f not found in project General (/General/Scripts/Script.sql)
2026-04-13 20:13:46.051 - Datasource dbeaver-sample-database-sqlite-1 not found in project General (/General/Scripts/Script-2.sql)
2026-04-13 20:13:46.061 - Datasource mysql8-19d82e902b8-14316b00ff45b35f not found in project General (/General/Scripts/Script.sql)
2026-04-13 20:13:46.063 - Datasource dbeaver-sample-database-sqlite-1 not found in project General (/General/Scripts/Script-2.sql)
2026-04-13 20:13:46.074 - Datasource mysql8-19d82e902b8-14316b00ff45b35f not found in project General (/General/Scripts/Script.sql)
2026-04-13 20:13:46.077 - Datasource dbeaver-sample-database-sqlite-1 not found in project General (/General/Scripts/Script-2.sql)
2026-04-13 20:13:46.147 - Datasource mysql8-19d82e902b8-14316b00ff45b35f not found in project General (/General/Scripts/Script.sql)
2026-04-13 20:13:46.150 - Datasource dbeaver-sample-database-sqlite-1 not found in project General (/General/Scripts/Script-2.sql)
2026-04-13 20:13:46.160 - Datasource mysql8-19d82e902b8-14316b00ff45b35f not found in project General (/General/Scripts/Script.sql)
2026-04-13 20:13:46.162 - Datasource dbeaver-sample-database-sqlite-1 not found in project General (/General/Scripts/Script-2.sql)
2026-04-13 20:13:46.172 - Datasource mysql8-19d82e902b8-14316b00ff45b35f not found in project General (/General/Scripts/Script.sql)
2026-04-13 20:13:46.174 - Datasource dbeaver-sample-database-sqlite-1 not found in project General (/General/Scripts/Script-2.sql)
2026-04-13 20:13:46.184 - Datasource mysql8-19d82e902b8-14316b00ff45b35f not found in project General (/General/Scripts/Script.sql)
2026-04-13 20:13:46.186 - Datasource dbeaver-sample-database-sqlite-1 not found in project General (/General/Scripts/Script-2.sql)
2026-04-13 20:13:46.195 - Datasource mysql8-19d82e902b8-14316b00ff45b35f not found in project General (/General/Scripts/Script.sql)
2026-04-13 20:13:46.198 - Datasource dbeaver-sample-database-sqlite-1 not found in project General (/General/Scripts/Script-2.sql)
2026-04-13 20:13:46.209 - Datasource mysql8-19d82e902b8-14316b00ff45b35f not found in project General (/General/Scripts/Script.sql)
2026-04-13 20:13:46.211 - Datasource dbeaver-sample-database-sqlite-1 not found in project General (/General/Scripts/Script-2.sql)
2026-04-13 20:13:46.265 - Connect with 'localhost' (mysql8-19d85e56140-4d188a171c4e530b)
2026-04-13 20:13:46.275 - Datasource mysql8-19d82e902b8-14316b00ff45b35f not found in project General (/General/Scripts/Script.sql)
2026-04-13 20:13:46.279 - Datasource dbeaver-sample-database-sqlite-1 not found in project General (/General/Scripts/Script-2.sql)
2026-04-13 20:13:46.311 - Datasource mysql8-19d82e902b8-14316b00ff45b35f not found in project General (/General/Scripts/Script.sql)
2026-04-13 20:13:46.314 - Datasource dbeaver-sample-database-sqlite-1 not found in project General (/General/Scripts/Script-2.sql)
> Start DBeaver SQL Language Semantic Model [org.jkiss.dbeaver.model.lsm 1.0.71.202604051735]
2026-04-13 20:13:46.350 - Execution context opened (localhost; Main; 0)
2026-04-13 20:13:46.359 - Datasource mysql8-19d82e902b8-14316b00ff45b35f not found in project General (/General/Scripts/Script.sql)
2026-04-13 20:13:46.362 - Datasource dbeaver-sample-database-sqlite-1 not found in project General (/General/Scripts/Script-2.sql)
> Start DBeaver GIS Support [org.jkiss.dbeaver.data.gis 1.0.200.202604051735]
2026-04-13 20:13:46.464 - Datasource mysql8-19d82e902b8-14316b00ff45b35f not found in project General (/General/Scripts/Script.sql)
2026-04-13 20:13:46.467 - Datasource dbeaver-sample-database-sqlite-1 not found in project General (/General/Scripts/Script-2.sql)
2026-04-13 20:13:46.570 - Datasource mysql8-19d82e902b8-14316b00ff45b35f not found in project General (/General/Scripts/Script.sql)
2026-04-13 20:13:46.573 - Datasource dbeaver-sample-database-sqlite-1 not found in project General (/General/Scripts/Script-2.sql)
2026-04-13 20:13:46.747 - Datasource mysql8-19d82e902b8-14316b00ff45b35f not found in project General (/General/Scripts/Script.sql)
2026-04-13 20:13:46.752 - Datasource dbeaver-sample-database-sqlite-1 not found in project General (/General/Scripts/Script-2.sql)
2026-04-13 20:13:46.840 - Datasource mysql8-19d82e902b8-14316b00ff45b35f not found in project General (/General/Scripts/Script.sql)
2026-04-13 20:13:46.844 - Datasource dbeaver-sample-database-sqlite-1 not found in project General (/General/Scripts/Script-2.sql)
2026-04-13 20:13:46.948 - Datasource mysql8-19d82e902b8-14316b00ff45b35f not found in project General (/General/Scripts/Script.sql)
2026-04-13 20:13:46.951 - Datasource dbeaver-sample-database-sqlite-1 not found in project General (/General/Scripts/Script-2.sql)
2026-04-13 20:13:47.065 - Datasource mysql8-19d82e902b8-14316b00ff45b35f not found in project General (/General/Scripts/Script.sql)
2026-04-13 20:13:47.068 - Datasource dbeaver-sample-database-sqlite-1 not found in project General (/General/Scripts/Script-2.sql)
2026-04-13 20:13:47.095 - Execution context opened (localhost; Metadata; 1)
2026-04-13 20:13:47.162 - Datasource mysql8-19d82e902b8-14316b00ff45b35f not found in project General (/General/Scripts/Script.sql)
2026-04-13 20:13:47.166 - Datasource dbeaver-sample-database-sqlite-1 not found in project General (/General/Scripts/Script-2.sql)
2026-04-13 20:13:47.313 - Datasource mysql8-19d82e902b8-14316b00ff45b35f not found in project General (/General/Scripts/Script.sql)
2026-04-13 20:13:47.317 - Datasource dbeaver-sample-database-sqlite-1 not found in project General (/General/Scripts/Script-2.sql)
2026-04-13 20:13:47.429 - Datasource mysql8-19d82e902b8-14316b00ff45b35f not found in project General (/General/Scripts/Script.sql)
2026-04-13 20:13:47.432 - Datasource dbeaver-sample-database-sqlite-1 not found in project General (/General/Scripts/Script-2.sql)
2026-04-13 20:13:47.489 - Connected (mysql8-19d85e56140-4d188a171c4e530b, MySQL Connector/J [mysql-connector-j-8.2.0 (Revision: 06a1f724497fd81c6a659131fda822c9e5085b6c)])
2026-04-13 20:13:47.595 - Execution context opened (localhost; SQLEditor <Script-1.sql>; 2)
2026-04-13 20:13:47.893 - Datasource mysql8-19d82e902b8-14316b00ff45b35f not found in project General (/General/Scripts/Script.sql)
2026-04-13 20:13:47.896 - Datasource dbeaver-sample-database-sqlite-1 not found in project General (/General/Scripts/Script-2.sql)
2026-04-13 20:13:48.122 - Datasource mysql8-19d82e902b8-14316b00ff45b35f not found in project General (/General/Scripts/Script.sql)
2026-04-13 20:13:48.125 - Datasource dbeaver-sample-database-sqlite-1 not found in project General (/General/Scripts/Script-2.sql)
> Start DBeaver Tasks - Native Tools UI [org.jkiss.dbeaver.tasks.native.ui 1.0.154.202604051735]
> Start DBeaver MySQL UI Support [org.jkiss.dbeaver.ext.mysql.ui 1.0.168.202604051735]
> Start DBeaver Tasks - General UI [org.jkiss.dbeaver.tasks.ui 1.0.154.202604051735]
2026-04-13 20:14:26.074 - Datasource mysql8-19d82e902b8-14316b00ff45b35f not found in project General (/General/Scripts/Script.sql)
2026-04-13 20:14:26.080 - Datasource dbeaver-sample-database-sqlite-1 not found in project General (/General/Scripts/Script-2.sql)
2026-04-13 20:14:43.782 - Datasource mysql8-19d82e902b8-14316b00ff45b35f not found in project General (/General/Scripts/Script.sql)
2026-04-13 20:14:43.784 - Datasource dbeaver-sample-database-sqlite-1 not found in project General (/General/Scripts/Script-2.sql)
2026-04-13 20:16:03.084 - Datasource mysql8-19d82e902b8-14316b00ff45b35f not found in project General (/General/Scripts/Script.sql)
2026-04-13 20:16:03.086 - Datasource dbeaver-sample-database-sqlite-1 not found in project General (/General/Scripts/Script-2.sql)
> Start Equinox Provisioning UI Support [org.eclipse.equinox.p2.ui 2.9.0.v20260111-1642]
> Start Equinox Provisioning Core [org.eclipse.equinox.p2.core 2.13.300.v20260108-1444]
> Start Equinox Provisioning Operations API [org.eclipse.equinox.p2.operations 2.7.700.v20250720-1530]
> Start Equinox Provisioning Engine [org.eclipse.equinox.p2.engine 2.11.0.v20251111-1028]
> Start Equinox Provisioning Metadata [org.eclipse.equinox.p2.metadata 2.9.600.v20251108-0408]
> Start Equinox Provisioning Platform Update Support [org.eclipse.equinox.p2.ui.sdk 1.4.0.v20260108-1519]
> Start Equinox Provisioning Director [org.eclipse.equinox.p2.director 2.6.800.v20250714-1236]
> Start Equinox Provisioning Metadata Repository [org.eclipse.equinox.p2.metadata.repository 1.5.700.v20250720-0955]
> Start Equinox Provisioning Repository [org.eclipse.equinox.p2.repository 2.9.600.v20251118-0500]
2026-04-13 20:16:12.958 - Datasource mysql8-19d82e902b8-14316b00ff45b35f not found in project General (/General/Scripts/Script.sql)
2026-04-13 20:16:12.962 - Datasource dbeaver-sample-database-sqlite-1 not found in project General (/General/Scripts/Script-2.sql)
> Start Equinox Provisioning Garbage Collector [org.eclipse.equinox.p2.garbagecollector 1.3.700.v20250715-0459]
> Start Equinox Provisioning ECF based Transport [org.eclipse.equinox.p2.transport.ecf 1.4.600.v20251124-1504]
> Start ECF Filetransfer API [org.eclipse.ecf.filetransfer 5.1.103.v20230705-0614]
2026-04-13 20:16:32.422 - Datasource mysql8-19d82e902b8-14316b00ff45b35f not found in project General (/General/Scripts/Script.sql)
2026-04-13 20:16:32.426 - Datasource dbeaver-sample-database-sqlite-1 not found in project General (/General/Scripts/Script-2.sql)
> Start ECF Core API [org.eclipse.ecf 3.13.0.v20250304-2338]
> Start ECF Java HttpClient Filetransfer Provider [org.eclipse.ecf.provider.filetransfer.httpclientjava 2.1.1.v20250818-1641]
> Start ECF Filetransfer Provider [org.eclipse.ecf.provider.filetransfer 3.3.100.v20250115-0406]
> Start Equinox Concurrent API [org.eclipse.equinox.concurrent 1.3.400.v20250715-0436]
> Start ECF Identity Core API [org.eclipse.ecf.identity 3.10.0.v20240812-1535]
> Start Equinox Provisioning Artifact Repository Support [org.eclipse.equinox.p2.artifact.repository 1.5.800.v20250620-1926]
> Start Equinox Provisioning Extension Location Repository Support [org.eclipse.equinox.p2.extensionlocation 1.5.700.v20250720-1526]
> Start Equinox Provisioning Legacy Update Site Support [org.eclipse.equinox.p2.updatesite 1.3.800.v20250606-0550]
> Start Equinox Provisioning Publisher Infrastructure [org.eclipse.equinox.p2.publisher 1.9.600.v20250720-0951]
2026-04-13 20:16:52.124 - Datasource mysql8-19d82e902b8-14316b00ff45b35f not found in project General (/General/Scripts/Script.sql)
2026-04-13 20:16:52.127 - Datasource dbeaver-sample-database-sqlite-1 not found in project General (/General/Scripts/Script-2.sql)
2026-04-13 20:17:38.512 - Datasource mysql8-19d82e902b8-14316b00ff45b35f not found in project General (/General/Scripts/Script.sql)
2026-04-13 20:17:38.518 - Datasource mysql8-19d82e902b8-14316b00ff45b35f not found in project General (/General/Scripts/Script.sql)
2026-04-13 20:17:38.594 - Datasource mysql8-19d82e902b8-14316b00ff45b35f not found in project General (/General/Scripts/Script.sql)
2026-04-13 20:17:38.631 - Datasource mysql8-19d82e902b8-14316b00ff45b35f not found in project General (/General/Scripts/Script.sql)
2026-04-13 20:17:47.236 - Datasource mysql8-19d82e902b8-14316b00ff45b35f not found in project General (/General/Scripts/Script.sql)
2026-04-13 20:17:47.240 - Datasource dbeaver-sample-database-sqlite-1 not found in project General (/General/Scripts/Script-2.sql)
2026-04-13 20:17:48.426 - Datasource mysql8-19d82e902b8-14316b00ff45b35f not found in project General (/General/Scripts/Script.sql)
2026-04-13 20:17:48.426 - Datasource dbeaver-sample-database-sqlite-1 not found in project General (/General/Scripts/Script-2.sql)
2026-04-13 20:17:48.880 - Datasource mysql8-19d82e902b8-14316b00ff45b35f not found in project General (/General/Scripts/Script.sql)
2026-04-13 20:17:48.882 - Datasource dbeaver-sample-database-sqlite-1 not found in project General (/General/Scripts/Script-2.sql)
2026-04-13 20:17:49.021 - Datasource mysql8-19d82e902b8-14316b00ff45b35f not found in project General (/General/Scripts/Script.sql)
2026-04-13 20:17:49.025 - Datasource dbeaver-sample-database-sqlite-1 not found in project General (/General/Scripts/Script-2.sql)
2026-04-13 20:17:49.096 - Datasource mysql8-19d82e902b8-14316b00ff45b35f not found in project General (/General/Scripts/Script.sql)
2026-04-13 20:17:49.098 - Datasource dbeaver-sample-database-sqlite-1 not found in project General (/General/Scripts/Script-2.sql)
2026-04-13 20:17:49.161 - Datasource mysql8-19d82e902b8-14316b00ff45b35f not found in project General (/General/Scripts/Script.sql)
2026-04-13 20:17:49.163 - Datasource dbeaver-sample-database-sqlite-1 not found in project General (/General/Scripts/Script-2.sql)
2026-04-13 20:17:49.224 - Datasource mysql8-19d82e902b8-14316b00ff45b35f not found in project General (/General/Scripts/Script.sql)
2026-04-13 20:17:49.226 - Datasource dbeaver-sample-database-sqlite-1 not found in project General (/General/Scripts/Script-2.sql)
2026-04-13 20:17:49.286 - Datasource mysql8-19d82e902b8-14316b00ff45b35f not found in project General (/General/Scripts/Script.sql)
2026-04-13 20:17:49.290 - Datasource dbeaver-sample-database-sqlite-1 not found in project General (/General/Scripts/Script-2.sql)
2026-04-13 20:17:49.362 - Datasource mysql8-19d82e902b8-14316b00ff45b35f not found in project General (/General/Scripts/Script.sql)
2026-04-13 20:17:49.425 - Datasource mysql8-19d82e902b8-14316b00ff45b35f not found in project General (/General/Scripts/Script.sql)
2026-04-13 20:17:49.530 - Datasource mysql8-19d82e902b8-14316b00ff45b35f not found in project General (/General/Scripts/Script.sql)
2026-04-13 20:17:49.593 - Datasource mysql8-19d82e902b8-14316b00ff45b35f not found in project General (/General/Scripts/Script.sql)
2026-04-13 20:17:51.178 - Datasource mysql8-19d82e902b8-14316b00ff45b35f not found in project General (/General/Scripts/Script.sql)
> Start Team Support UI [org.eclipse.team.ui 3.12.0.v20260104-0919]
> Start Compare Support [org.eclipse.compare 3.12.0.v20260209-1220]
2026-04-13 20:19:32.000 - Service 'org.jkiss.dbeaver.ui.UIServiceConnectionEditor' not found
2026-04-13 20:19:32.124 - Service 'org.jkiss.dbeaver.runtime.ui.UIServiceSecurity' not found
2026-04-13 20:19:41.287 - Connect with 'localhost' (mysql8-19d87db084a-34a7e7863282f473)
2026-04-13 20:19:41.290 - Execution context opened (localhost; Main; 3)
2026-04-13 20:19:41.362 - Execution context opened (localhost; Metadata; 4)
2026-04-13 20:19:41.458 - Connected (mysql8-19d87db084a-34a7e7863282f473, MySQL Connector/J [mysql-connector-j-8.2.0 (Revision: 06a1f724497fd81c6a659131fda822c9e5085b6c)])
2026-04-13 20:26:19.513 - Datasource mysql8-19d82e902b8-14316b00ff45b35f not found in project General (/General/Scripts/Script.sql)
2026-04-13 20:27:03.755 - Datasource mysql8-19d82e902b8-14316b00ff45b35f not found in project General (/General/Scripts/Script.sql)
2026-04-13 20:27:03.766 - Datasource mysql8-19d82e902b8-14316b00ff45b35f not found in project General (/General/Scripts/Script.sql)
2026-04-13 20:27:04.266 - Datasource mysql8-19d82e902b8-14316b00ff45b35f not found in project General (/General/Scripts/Script.sql)
2026-04-13 20:27:04.474 - Datasource mysql8-19d82e902b8-14316b00ff45b35f not found in project General (/General/Scripts/Script.sql)
2026-04-13 20:28:18.061 - Datasource mysql8-19d82e902b8-14316b00ff45b35f not found in project General (/General/Scripts/Script.sql)
2026-04-13 20:28:18.543 - Datasource mysql8-19d82e902b8-14316b00ff45b35f not found in project General (/General/Scripts/Script.sql)
2026-04-13 20:28:18.552 - Datasource mysql8-19d82e902b8-14316b00ff45b35f not found in project General (/General/Scripts/Script.sql)
2026-04-13 20:28:29.318 - Datasource mysql8-19d82e902b8-14316b00ff45b35f not found in project General (/General/Scripts/Script.sql)
2026-04-13 20:28:32.567 - Datasource mysql8-19d82e902b8-14316b00ff45b35f not found in project General (/General/Scripts/Script.sql)
2026-04-13 20:28:34.450 - Datasource mysql8-19d82e902b8-14316b00ff45b35f not found in project General (/General/Scripts/Script.sql)
2026-04-13 20:29:06.069 - Datasource mysql8-19d82e902b8-14316b00ff45b35f not found in project General (/General/Scripts/Script.sql)
2026-04-13 20:29:09.374 - Datasource mysql8-19d82e902b8-14316b00ff45b35f not found in project General (/General/Scripts/Script.sql)
2026-04-13 20:29:32.945 - Datasource mysql8-19d82e902b8-14316b00ff45b35f not found in project General (/General/Scripts/Script.sql)
2026-04-13 20:29:44.915 - Datasource mysql8-19d82e902b8-14316b00ff45b35f not found in project General (/General/Scripts/Script.sql)
2026-04-13 20:29:53.268 - Datasource mysql8-19d82e902b8-14316b00ff45b35f not found in project General (/General/Scripts/Script.sql)
2026-04-13 20:29:53.458 - Datasource mysql8-19d82e902b8-14316b00ff45b35f not found in project General (/General/Scripts/Script.sql)
2026-04-13 20:29:53.460 - Datasource mysql8-19d82e902b8-14316b00ff45b35f not found in project General (/General/Scripts/Script.sql)
2026-04-13 20:29:59.813 - Datasource mysql8-19d82e902b8-14316b00ff45b35f not found in project General (/General/Scripts/Script.sql)
2026-04-13 20:30:01.558 - Datasource mysql8-19d82e902b8-14316b00ff45b35f not found in project General (/General/Scripts/Script.sql)
2026-04-13 20:30:02.806 - Datasource mysql8-19d82e902b8-14316b00ff45b35f not found in project General (/General/Scripts/Script.sql)
2026-04-13 20:30:03.553 - Datasource mysql8-19d82e902b8-14316b00ff45b35f not found in project General (/General/Scripts/Script.sql)
2026-04-13 20:30:03.817 - Datasource mysql8-19d82e902b8-14316b00ff45b35f not found in project General (/General/Scripts/Script.sql)
2026-04-13 20:30:04.022 - Datasource mysql8-19d82e902b8-14316b00ff45b35f not found in project General (/General/Scripts/Script.sql)
2026-04-13 20:30:05.264 - Datasource mysql8-19d82e902b8-14316b00ff45b35f not found in project General (/General/Scripts/Script.sql)
2026-04-13 20:30:16.026 - Datasource mysql8-19d82e902b8-14316b00ff45b35f not found in project General (/General/Scripts/Script.sql)
2026-04-13 20:30:52.320 - Datasource mysql8-19d82e902b8-14316b00ff45b35f not found in project General (/General/Scripts/Script.sql)
2026-04-13 20:30:52.463 - Datasource mysql8-19d82e902b8-14316b00ff45b35f not found in project General (/General/Scripts/Script.sql)
2026-04-13 20:30:54.296 - Datasource mysql8-19d82e902b8-14316b00ff45b35f not found in project General (/General/Scripts/Script.sql)
2026-04-13 20:30:54.660 - Execution context closed (localhost, 2)
2026-04-13 20:30:55.142 - Dispose navigator model
2026-04-13 20:30:55.227 - DBeaver is stopping
2026-04-13 20:30:55.231 - Stop instance server
2026-04-13 20:30:56.236 - Instance server has been stopped
2026-04-13 20:30:56.251 - DBeaver shutdown completed
2026-04-13 20:30:56.322 - Shutdown desktop platform...
2026-04-13 20:30:56.326 - Send collected statistics
2026-04-13 20:30:56.336 - Open [https://stats.dbeaver.com/send-statistics?session=0da74fc2-4d4c-4738-9d9c-ed6ced753b58&time=1776100416]
2026-04-13 20:30:58.973 - Statistics sent (OK)
2026-04-13 20:30:58.990 - Execution context closed (localhost, 0)
2026-04-13 20:30:59.013 - Execution context closed (localhost, 1)
2026-04-13 20:30:59.014 - Disconnected (mysql8-19d85e56140-4d188a171c4e530b)
2026-04-13 20:30:59.055 - Execution context closed (localhost, 3)
2026-04-13 20:30:59.066 - Execution context closed (localhost, 4)
2026-04-13 20:30:59.066 - Disconnected (mysql8-19d87db084a-34a7e7863282f473)
2026-04-13 20:30:59.220 - Platform shutdown completed (2897ms)
