2026-04-13 11:09:14.696 - DBeaver 26.0.2.202604051735 is starting
2026-04-13 11:09:14.703 - OS: Windows 11 10.0 (amd64)
2026-04-13 11:09:14.704 - Java version: 21.0.8 by Eclipse Adoptium (64bit)
2026-04-13 11:09:14.706 - Install path: 'C:\Users\Apdil\AppData\Local\DBeaver'
2026-04-13 11:09:14.707 - Instance path: 'file:/C:/Users/Apdil/AppData/Roaming/DBeaverData/workspace6/'
2026-04-13 11:09:14.715 - Memory available 64Mb/1024Mb
2026-04-13 11:09:14.731 - Initialize desktop platform...
2026-04-13 11:09:15.961 - BounceCastle bundle found. Use JCE provider BC
> Start Core File Systems [org.eclipse.core.filesystem 1.11.400.v20251107-0507]
> Start Core Resource Management [org.eclipse.core.resources 3.23.200.v20251217-0810]
> Start DBeaver UI Navigator [org.jkiss.dbeaver.ui.navigator 1.0.176.202604051735]
> Start Team Support Core [org.eclipse.team.core 3.10.1000.v20260112-1030]
2026-04-13 11:09:17.743 - Initialize base platform...
2026-04-13 11:09:17.840 - Schedule collected statistics send
2026-04-13 11:09:17.841 - Platform initialized (3110ms)
2026-04-13 11:09:17.894 - Create display
2026-04-13 11:09:20.001 - Starting instance server at http://localhost:57833
2026-04-13 11:09:20.049 - Run workbench
> Start Eclipse e4 Workbench SWT [org.eclipse.e4.ui.workbench.swt 0.18.0.v20260119-0835]
> Start Eclipse Application Services [org.eclipse.e4.core.services 2.5.300.v20251112-1253]
> Start Eclipse UI Application Services [org.eclipse.e4.ui.services 1.6.600.v20251023-1358]
> Start Eclipse e4 Progress View [org.eclipse.e4.ui.progress 0.5.0.v20251217-1052]
> Start Eclipse Bindings Support [org.eclipse.e4.ui.bindings 0.15.0.v20251216-1230]
> Start Eclipse e4 core commands [org.eclipse.e4.core.commands 1.1.700.v20250916-0927]
> Start EMF XML/XMI Persistence [org.eclipse.emf.ecore.xmi 2.40.0.v20251210-1145]
> Start Eclipse CSS SWT Theme Support [org.eclipse.e4.ui.css.swt.theme 0.15.0.v20251216-1230]
> Start Eclipse e4 Workbench Add-ons [org.eclipse.e4.ui.workbench.addons.swt 1.6.0.v20251216-1230]
> Start Eclipse e4 Workbench SWT Renderer [org.eclipse.e4.ui.workbench.renderers.swt 0.17.0.v20260131-0926]
> Start Eclipse Dependency Injection Extensions [org.eclipse.e4.core.di.extensions 0.18.300.v20240413-1529]
> Start DBeaver AI Model [org.jkiss.dbeaver.model.ai 2.0.19.202604051735]
> Start DBeaver AI UI [org.jkiss.dbeaver.ui.ai 1.0.78.202604051735]
> Start Eclipse CSS SWT Support [org.eclipse.e4.ui.css.swt 0.16.0.v20251216-1230]
> Start Internet Connection Management [org.eclipse.core.net 1.5.800.v20250613-1119]
> Start Equinox Java Authentication and Authorization Service (JAAS) [org.eclipse.equinox.security 1.4.700.v20250622-1644]
> Start Internet Connection Management UI [org.eclipse.ui.net 1.6.0.v20251219-1227]
> Start GEF Classic Draw2d [org.eclipse.draw2d 3.22.0.202602231721]
> Start GEF Classic GEF (MVC) [org.eclipse.gef 3.25.0.202602162234]
> Start JFace Text [org.eclipse.jface.text 3.30.0.v20260203-0841]
> Start Default Text Editor [org.eclipse.ui.editors 3.21.0.v20260218-1452]
> Start Text Editor Framework [org.eclipse.ui.workbench.texteditor 3.20.0.v20260127-1637]
2026-04-13 11:09:27.111 - Configure workbench window
> Start DBeaver SQL Model [org.jkiss.dbeaver.model.sql 1.0.166.202604051735]
2026-04-13 11:09:28.410 - Total database drivers: 129 (129)
> Start Help System Core [org.eclipse.help 3.11.0.v20251227-1159]
2026-04-13 11:09:28.702 - Create actions
2026-04-13 11:09:31.198 - Initialize workbench window
2026-04-13 11:09:31.270 - Finish initialization
> Start DBeaver UI Editors - Data [org.jkiss.dbeaver.ui.editors.data 1.0.176.202604051735]
> Start DBeaver UI Editors - SQL [org.jkiss.dbeaver.ui.editors.sql 1.0.176.202604051735]
> Start DBeaver SQL Terminal [org.jkiss.dbeaver.ui.editors.sql.terminal 1.0.152.202604051735]
> Start Core Compare Support [org.eclipse.compare.core 3.8.800.v20250718-1505]
> Start DBeaver Sample Database [org.jkiss.dbeaver.ui.config.sample 1.0.213.202604051735]
2026-04-13 11:09:40.559 - Open [https://dbeaver.io/product/version.xml]
> Start DBeaver Dashboard UI [org.jkiss.dbeaver.ui.dashboard 1.0.173.202604051735]
> Start DBeaver ERD UI [org.jkiss.dbeaver.ui.editors.erd 3.1.17.202604051735]
> Start DBeaver ERD Model [org.jkiss.dbeaver.model.erd 1.1.17.202604051735]
2026-04-13 11:09:41.343 - Datasource mysql8-19d82e902b8-14316b00ff45b35f not found in project General (/General/Scripts/Script.sql)
2026-04-13 11:09:41.545 - Datasource mysql8-19d82e902b8-14316b00ff45b35f not found in project General (/General/Scripts/Script.sql)
> Start Console [org.eclipse.ui.console 3.16.0.v20260123-1616]
> Start Debug Core [org.eclipse.debug.core 3.23.200.v20251107-0507]
2026-04-13 11:09:42.207 - Datasource mysql8-19d82e902b8-14316b00ff45b35f not found in project General (/General/Scripts/Script.sql)
2026-04-13 11:09:42.220 - Datasource mysql8-19d82e902b8-14316b00ff45b35f not found in project General (/General/Scripts/Script.sql)
2026-04-13 11:09:42.236 - Datasource mysql8-19d82e902b8-14316b00ff45b35f not found in project General (/General/Scripts/Script.sql)
2026-04-13 11:09:42.246 - Datasource mysql8-19d82e902b8-14316b00ff45b35f not found in project General (/General/Scripts/Script.sql)
2026-04-13 11:09:42.289 - Datasource mysql8-19d82e902b8-14316b00ff45b35f not found in project General (/General/Scripts/Script.sql)
2026-04-13 11:09:42.318 - Datasource mysql8-19d82e902b8-14316b00ff45b35f not found in project General (/General/Scripts/Script.sql)
> Start DBeaver SQL Language Semantic Model [org.jkiss.dbeaver.model.lsm 1.0.71.202604051735]
2026-04-13 11:10:53.901 - Datasource mysql8-19d82e902b8-14316b00ff45b35f not found in project General (/General/Scripts/Script.sql)
2026-04-13 11:10:56.915 - Datasource mysql8-19d82e902b8-14316b00ff45b35f not found in project General (/General/Scripts/Script.sql)
2026-04-13 11:10:57.742 - Datasource mysql8-19d82e902b8-14316b00ff45b35f not found in project General (/General/Scripts/Script.sql)
2026-04-13 11:10:59.313 - Datasource mysql8-19d82e902b8-14316b00ff45b35f not found in project General (/General/Scripts/Script.sql)
2026-04-13 11:11:00.863 - Datasource mysql8-19d82e902b8-14316b00ff45b35f not found in project General (/General/Scripts/Script.sql)
2026-04-13 11:11:01.801 - Datasource mysql8-19d82e902b8-14316b00ff45b35f not found in project General (/General/Scripts/Script.sql)
2026-04-13 11:11:01.858 - Can not find data source 'mysql8-19d82e902b8-14316b00ff45b35f'
2026-04-13 11:11:02.219 - Datasource mysql8-19d82e902b8-14316b00ff45b35f not found in project General (/General/Scripts/Script.sql)
2026-04-13 11:11:02.229 - Datasource mysql8-19d82e902b8-14316b00ff45b35f not found in project General (/General/Scripts/Script.sql)
2026-04-13 11:11:03.919 - Datasource mysql8-19d82e902b8-14316b00ff45b35f not found in project General (/General/Scripts/Script.sql)
2026-04-13 11:11:09.900 - Open [https://repo1.maven.org/maven2/org/xerial/sqlite-jdbc/maven-metadata.xml]
2026-04-13 11:11:11.727 - Open [https://repo1.maven.org/maven2/org/xerial/sqlite-jdbc/3.51.3.0/sqlite-jdbc-3.51.3.0.pom]
2026-04-13 11:11:12.116 - Open [https://repo1.maven.org/maven2/org/junit/junit-bom/5.12.2/junit-bom-5.12.2.pom]
2026-04-13 11:11:26.385 - Connect with 'DBeaver Sample Database (SQLite)' (dbeaver-sample-database-sqlite-1)
> Start DBeaver JDBC Model [org.jkiss.dbeaver.model.jdbc 1.0.69.202604051735]
> Start DBeaver Generic Plug-in [org.jkiss.dbeaver.ext.generic 2.3.262.202604051735]
> Start DBeaver SQLite Model [org.jkiss.dbeaver.ext.sqlite 1.0.225.202604051735]
2026-04-13 11:11:26.522 - Execution context opened (DBeaver Sample Database (SQLite); Main; 0)
2026-04-13 11:11:28.670 - Execution context closed (DBeaver Sample Database (SQLite), 0)
> Start DBeaver MySQL UI Support [org.jkiss.dbeaver.ext.mysql.ui 1.0.168.202604051735]
> Start DBeaver MySQL Support [org.jkiss.dbeaver.ext.mysql 2.1.261.202604051735]
2026-04-13 11:11:35.718 - Service 'org.jkiss.dbeaver.ui.UIServiceConnectionEditor' not found
2026-04-13 11:11:35.863 - Service 'org.jkiss.dbeaver.runtime.ui.UIServiceSecurity' not found
2026-04-13 11:11:47.622 - Open [https://repo1.maven.org/maven2/org/xerial/sqlite-jdbc/3.51.3.0/sqlite-jdbc-3.51.3.0.jar]
2026-04-13 11:12:04.206 - Connect with 'DBeaver Sample Database (SQLite)' (dbeaver-sample-database-sqlite-1)
2026-04-13 11:12:04.209 - Execution context opened (DBeaver Sample Database (SQLite); Main; 1)
2026-04-13 11:12:04.826 - Connected (dbeaver-sample-database-sqlite-1, SQLite JDBC [3.51.3.0])
> Start DBeaver GIS Support [org.jkiss.dbeaver.data.gis 1.0.200.202604051735]
2026-04-13 11:12:14.374 - Datasource mysql8-19d82e902b8-14316b00ff45b35f not found in project General (/General/Scripts/Script.sql)
2026-04-13 11:12:14.408 - Datasource mysql8-19d82e902b8-14316b00ff45b35f not found in project General (/General/Scripts/Script.sql)
2026-04-13 11:12:16.689 - Datasource mysql8-19d82e902b8-14316b00ff45b35f not found in project General (/General/Scripts/Script.sql)
2026-04-13 11:12:17.034 - Datasource mysql8-19d82e902b8-14316b00ff45b35f not found in project General (/General/Scripts/Script.sql)
2026-04-13 11:12:17.049 - Datasource mysql8-19d82e902b8-14316b00ff45b35f not found in project General (/General/Scripts/Script.sql)
2026-04-13 11:12:24.536 - Datasource mysql8-19d82e902b8-14316b00ff45b35f not found in project General (/General/Scripts/Script.sql)
2026-04-13 11:12:25.332 - Datasource mysql8-19d82e902b8-14316b00ff45b35f not found in project General (/General/Scripts/Script.sql)
2026-04-13 11:12:25.376 - Datasource mysql8-19d82e902b8-14316b00ff45b35f not found in project General (/General/Scripts/Script.sql)
2026-04-13 11:12:26.705 - Datasource mysql8-19d82e902b8-14316b00ff45b35f not found in project General (/General/Scripts/Script.sql)
2026-04-13 11:12:28.232 - Datasource mysql8-19d82e902b8-14316b00ff45b35f not found in project General (/General/Scripts/Script.sql)
2026-04-13 11:12:28.610 - Datasource mysql8-19d82e902b8-14316b00ff45b35f not found in project General (/General/Scripts/Script.sql)
2026-04-13 11:12:28.627 - Datasource mysql8-19d82e902b8-14316b00ff45b35f not found in project General (/General/Scripts/Script.sql)
2026-04-13 11:12:29.596 - Datasource mysql8-19d82e902b8-14316b00ff45b35f not found in project General (/General/Scripts/Script.sql)
2026-04-13 11:12:29.975 - Datasource mysql8-19d82e902b8-14316b00ff45b35f not found in project General (/General/Scripts/Script.sql)
2026-04-13 11:12:33.920 - Datasource mysql8-19d82e902b8-14316b00ff45b35f not found in project General (/General/Scripts/Script.sql)
2026-04-13 11:12:34.559 - Datasource mysql8-19d82e902b8-14316b00ff45b35f not found in project General (/General/Scripts/Script.sql)
2026-04-13 11:12:34.773 - Datasource mysql8-19d82e902b8-14316b00ff45b35f not found in project General (/General/Scripts/Script.sql)
2026-04-13 11:12:35.938 - Datasource mysql8-19d82e902b8-14316b00ff45b35f not found in project General (/General/Scripts/Script.sql)
2026-04-13 11:12:36.293 - Datasource mysql8-19d82e902b8-14316b00ff45b35f not found in project General (/General/Scripts/Script.sql)
2026-04-13 11:12:37.011 - Datasource mysql8-19d82e902b8-14316b00ff45b35f not found in project General (/General/Scripts/Script.sql)
2026-04-13 11:12:37.032 - Datasource mysql8-19d82e902b8-14316b00ff45b35f not found in project General (/General/Scripts/Script.sql)
2026-04-13 11:12:40.819 - Datasource mysql8-19d82e902b8-14316b00ff45b35f not found in project General (/General/Scripts/Script.sql)
2026-04-13 11:12:41.335 - Datasource mysql8-19d82e902b8-14316b00ff45b35f not found in project General (/General/Scripts/Script.sql)
> Start DBeaver Tasks - Native Tools UI [org.jkiss.dbeaver.tasks.native.ui 1.0.154.202604051735]
> Start DBeaver Tasks - General UI [org.jkiss.dbeaver.tasks.ui 1.0.154.202604051735]
2026-04-13 11:12:41.506 - Datasource mysql8-19d82e902b8-14316b00ff45b35f not found in project General (/General/Scripts/Script.sql)
2026-04-13 11:12:41.542 - Connect with 'localhost' (mysql8-19d85e56140-4d188a171c4e530b)
2026-04-13 11:12:41.548 - Datasource mysql8-19d82e902b8-14316b00ff45b35f not found in project General (/General/Scripts/Script.sql)
2026-04-13 11:12:41.551 - Execution context opened (localhost; Main; 2)
2026-04-13 11:12:41.595 - Datasource mysql8-19d82e902b8-14316b00ff45b35f not found in project General (/General/Scripts/Script.sql)
2026-04-13 11:12:41.698 - Datasource mysql8-19d82e902b8-14316b00ff45b35f not found in project General (/General/Scripts/Script.sql)
2026-04-13 11:12:41.799 - Datasource mysql8-19d82e902b8-14316b00ff45b35f not found in project General (/General/Scripts/Script.sql)
2026-04-13 11:12:41.900 - Datasource mysql8-19d82e902b8-14316b00ff45b35f not found in project General (/General/Scripts/Script.sql)
2026-04-13 11:12:41.979 - Execution context opened (localhost; Metadata; 3)
2026-04-13 11:12:42.004 - Datasource mysql8-19d82e902b8-14316b00ff45b35f not found in project General (/General/Scripts/Script.sql)
2026-04-13 11:12:42.130 - Datasource mysql8-19d82e902b8-14316b00ff45b35f not found in project General (/General/Scripts/Script.sql)
2026-04-13 11:12:42.220 - Connected (mysql8-19d85e56140-4d188a171c4e530b, MySQL Connector/J [mysql-connector-j-8.2.0 (Revision: 06a1f724497fd81c6a659131fda822c9e5085b6c)])
2026-04-13 11:12:42.246 - Datasource mysql8-19d82e902b8-14316b00ff45b35f not found in project General (/General/Scripts/Script.sql)
2026-04-13 11:12:42.278 - Execution context opened (localhost; SQLEditor <Script-1.sql>; 4)
2026-04-13 11:12:42.365 - Datasource mysql8-19d82e902b8-14316b00ff45b35f not found in project General (/General/Scripts/Script.sql)
2026-04-13 11:12:42.595 - Datasource mysql8-19d82e902b8-14316b00ff45b35f not found in project General (/General/Scripts/Script.sql)
2026-04-13 11:12:44.094 - Datasource mysql8-19d82e902b8-14316b00ff45b35f not found in project General (/General/Scripts/Script.sql)
2026-04-13 11:12:44.994 - Datasource mysql8-19d82e902b8-14316b00ff45b35f not found in project General (/General/Scripts/Script.sql)
2026-04-13 11:12:45.704 - Datasource mysql8-19d82e902b8-14316b00ff45b35f not found in project General (/General/Scripts/Script.sql)
2026-04-13 11:12:45.838 - Datasource mysql8-19d82e902b8-14316b00ff45b35f not found in project General (/General/Scripts/Script.sql)
2026-04-13 11:12:45.946 - Datasource mysql8-19d82e902b8-14316b00ff45b35f not found in project General (/General/Scripts/Script.sql)
2026-04-13 11:12:46.530 - Datasource mysql8-19d82e902b8-14316b00ff45b35f not found in project General (/General/Scripts/Script.sql)
2026-04-13 11:12:46.590 - Datasource mysql8-19d82e902b8-14316b00ff45b35f not found in project General (/General/Scripts/Script.sql)
2026-04-13 11:12:46.613 - Datasource mysql8-19d82e902b8-14316b00ff45b35f not found in project General (/General/Scripts/Script.sql)
2026-04-13 11:12:46.684 - Datasource mysql8-19d82e902b8-14316b00ff45b35f not found in project General (/General/Scripts/Script.sql)
2026-04-13 11:12:47.405 - Datasource mysql8-19d82e902b8-14316b00ff45b35f not found in project General (/General/Scripts/Script.sql)
2026-04-13 11:12:47.755 - Datasource mysql8-19d82e902b8-14316b00ff45b35f not found in project General (/General/Scripts/Script.sql)
2026-04-13 11:12:51.139 - Datasource mysql8-19d82e902b8-14316b00ff45b35f not found in project General (/General/Scripts/Script.sql)
2026-04-13 11:12:51.674 - Datasource mysql8-19d82e902b8-14316b00ff45b35f not found in project General (/General/Scripts/Script.sql)
2026-04-13 11:12:51.949 - Datasource mysql8-19d82e902b8-14316b00ff45b35f not found in project General (/General/Scripts/Script.sql)
2026-04-13 11:12:54.868 - Datasource mysql8-19d82e902b8-14316b00ff45b35f not found in project General (/General/Scripts/Script.sql)
2026-04-13 11:12:56.881 - Datasource mysql8-19d82e902b8-14316b00ff45b35f not found in project General (/General/Scripts/Script.sql)
2026-04-13 11:12:56.908 - Datasource mysql8-19d82e902b8-14316b00ff45b35f not found in project General (/General/Scripts/Script.sql)
2026-04-13 11:12:58.854 - Datasource mysql8-19d82e902b8-14316b00ff45b35f not found in project General (/General/Scripts/Script.sql)
2026-04-13 11:12:59.555 - Datasource mysql8-19d82e902b8-14316b00ff45b35f not found in project General (/General/Scripts/Script.sql)
2026-04-13 11:13:17.627 - Datasource mysql8-19d82e902b8-14316b00ff45b35f not found in project General (/General/Scripts/Script.sql)
2026-04-13 11:13:18.181 - Datasource mysql8-19d82e902b8-14316b00ff45b35f not found in project General (/General/Scripts/Script.sql)
2026-04-13 11:13:18.207 - Datasource mysql8-19d82e902b8-14316b00ff45b35f not found in project General (/General/Scripts/Script.sql)
2026-04-13 11:13:22.352 - Datasource mysql8-19d82e902b8-14316b00ff45b35f not found in project General (/General/Scripts/Script.sql)
2026-04-13 11:13:28.116 - Datasource mysql8-19d82e902b8-14316b00ff45b35f not found in project General (/General/Scripts/Script.sql)
2026-04-13 11:13:28.300 - Datasource mysql8-19d82e902b8-14316b00ff45b35f not found in project General (/General/Scripts/Script.sql)
2026-04-13 11:13:30.608 - Datasource mysql8-19d82e902b8-14316b00ff45b35f not found in project General (/General/Scripts/Script.sql)
2026-04-13 11:13:33.873 - Datasource mysql8-19d82e902b8-14316b00ff45b35f not found in project General (/General/Scripts/Script.sql)
2026-04-13 11:13:35.323 - Datasource mysql8-19d82e902b8-14316b00ff45b35f not found in project General (/General/Scripts/Script.sql)
2026-04-13 11:13:40.691 - Datasource mysql8-19d82e902b8-14316b00ff45b35f not found in project General (/General/Scripts/Script.sql)
2026-04-13 11:13:40.715 - Datasource mysql8-19d82e902b8-14316b00ff45b35f not found in project General (/General/Scripts/Script.sql)
2026-04-13 11:13:40.798 - Datasource mysql8-19d82e902b8-14316b00ff45b35f not found in project General (/General/Scripts/Script.sql)
2026-04-13 11:13:41.476 - Datasource mysql8-19d82e902b8-14316b00ff45b35f not found in project General (/General/Scripts/Script.sql)
2026-04-13 11:13:48.584 - Datasource mysql8-19d82e902b8-14316b00ff45b35f not found in project General (/General/Scripts/Script.sql)
2026-04-13 11:13:48.903 - Datasource mysql8-19d82e902b8-14316b00ff45b35f not found in project General (/General/Scripts/Script.sql)
2026-04-13 11:14:25.819 - Datasource mysql8-19d82e902b8-14316b00ff45b35f not found in project General (/General/Scripts/Script.sql)
2026-04-13 11:15:15.569 - Datasource mysql8-19d82e902b8-14316b00ff45b35f not found in project General (/General/Scripts/Script.sql)
2026-04-13 11:15:16.767 - Datasource mysql8-19d82e902b8-14316b00ff45b35f not found in project General (/General/Scripts/Script.sql)
2026-04-13 11:15:26.101 - Datasource mysql8-19d82e902b8-14316b00ff45b35f not found in project General (/General/Scripts/Script.sql)
2026-04-13 11:15:26.220 - Datasource mysql8-19d82e902b8-14316b00ff45b35f not found in project General (/General/Scripts/Script.sql)
2026-04-13 11:15:27.633 - Datasource mysql8-19d82e902b8-14316b00ff45b35f not found in project General (/General/Scripts/Script.sql)
2026-04-13 11:15:59.306 - Datasource mysql8-19d82e902b8-14316b00ff45b35f not found in project General (/General/Scripts/Script.sql)
2026-04-13 11:16:01.379 - Datasource mysql8-19d82e902b8-14316b00ff45b35f not found in project General (/General/Scripts/Script.sql)
2026-04-13 11:16:08.069 - Execution context closed (DBeaver Sample Database (SQLite), 1)
2026-04-13 11:16:08.070 - Disconnected (dbeaver-sample-database-sqlite-1)
2026-04-13 11:16:08.168 - Datasource dbeaver-sample-database-sqlite-1 not found in project General (/General/Scripts/Script-2.sql)
2026-04-13 11:16:08.407 - Datasource mysql8-19d82e902b8-14316b00ff45b35f not found in project General (/General/Scripts/Script.sql)
2026-04-13 11:16:08.424 - Datasource mysql8-19d82e902b8-14316b00ff45b35f not found in project General (/General/Scripts/Script.sql)
2026-04-13 11:16:09.790 - Datasource mysql8-19d82e902b8-14316b00ff45b35f not found in project General (/General/Scripts/Script.sql)
2026-04-13 11:16:15.197 - Datasource mysql8-19d82e902b8-14316b00ff45b35f not found in project General (/General/Scripts/Script.sql)
2026-04-13 11:16:15.217 - Datasource mysql8-19d82e902b8-14316b00ff45b35f not found in project General (/General/Scripts/Script.sql)
2026-04-13 11:16:15.571 - Datasource mysql8-19d82e902b8-14316b00ff45b35f not found in project General (/General/Scripts/Script.sql)
2026-04-13 11:16:15.700 - Datasource mysql8-19d82e902b8-14316b00ff45b35f not found in project General (/General/Scripts/Script.sql)
2026-04-13 11:16:27.580 - Datasource mysql8-19d82e902b8-14316b00ff45b35f not found in project General (/General/Scripts/Script.sql)
2026-04-13 11:16:28.681 - Datasource mysql8-19d82e902b8-14316b00ff45b35f not found in project General (/General/Scripts/Script.sql)
2026-04-13 11:16:29.174 - Datasource mysql8-19d82e902b8-14316b00ff45b35f not found in project General (/General/Scripts/Script.sql)
2026-04-13 11:16:33.036 - Datasource mysql8-19d82e902b8-14316b00ff45b35f not found in project General (/General/Scripts/Script.sql)
2026-04-13 11:16:33.067 - Datasource mysql8-19d82e902b8-14316b00ff45b35f not found in project General (/General/Scripts/Script.sql)
2026-04-13 11:16:33.082 - Datasource mysql8-19d82e902b8-14316b00ff45b35f not found in project General (/General/Scripts/Script.sql)
2026-04-13 11:16:38.083 - Datasource mysql8-19d82e902b8-14316b00ff45b35f not found in project General (/General/Scripts/Script.sql)
2026-04-13 11:16:38.110 - Datasource mysql8-19d82e902b8-14316b00ff45b35f not found in project General (/General/Scripts/Script.sql)
2026-04-13 11:16:47.366 - Datasource mysql8-19d82e902b8-14316b00ff45b35f not found in project General (/General/Scripts/Script.sql)
2026-04-13 11:17:04.868 - Datasource mysql8-19d82e902b8-14316b00ff45b35f not found in project General (/General/Scripts/Script.sql)
2026-04-13 11:17:17.037 - Datasource mysql8-19d82e902b8-14316b00ff45b35f not found in project General (/General/Scripts/Script.sql)
2026-04-13 11:17:17.053 - Datasource mysql8-19d82e902b8-14316b00ff45b35f not found in project General (/General/Scripts/Script.sql)
2026-04-13 11:17:19.440 - Datasource mysql8-19d82e902b8-14316b00ff45b35f not found in project General (/General/Scripts/Script.sql)
2026-04-13 11:17:19.559 - Datasource mysql8-19d82e902b8-14316b00ff45b35f not found in project General (/General/Scripts/Script.sql)
2026-04-13 11:17:19.668 - Datasource mysql8-19d82e902b8-14316b00ff45b35f not found in project General (/General/Scripts/Script.sql)
2026-04-13 11:17:21.003 - Datasource mysql8-19d82e902b8-14316b00ff45b35f not found in project General (/General/Scripts/Script.sql)
2026-04-13 11:17:21.027 - Datasource mysql8-19d82e902b8-14316b00ff45b35f not found in project General (/General/Scripts/Script.sql)
2026-04-13 11:17:24.629 - Datasource mysql8-19d82e902b8-14316b00ff45b35f not found in project General (/General/Scripts/Script.sql)
2026-04-13 11:17:25.964 - Datasource mysql8-19d82e902b8-14316b00ff45b35f not found in project General (/General/Scripts/Script.sql)
2026-04-13 11:17:25.979 - Datasource mysql8-19d82e902b8-14316b00ff45b35f not found in project General (/General/Scripts/Script.sql)
2026-04-13 11:17:27.434 - Datasource mysql8-19d82e902b8-14316b00ff45b35f not found in project General (/General/Scripts/Script.sql)
2026-04-13 11:17:27.962 - Datasource mysql8-19d82e902b8-14316b00ff45b35f not found in project General (/General/Scripts/Script.sql)
2026-04-13 11:17:34.300 - Service 'org.jkiss.dbeaver.ui.UIServiceConnectionEditor' not found
2026-04-13 11:17:34.407 - Service 'org.jkiss.dbeaver.runtime.ui.UIServiceSecurity' not found
2026-04-13 11:17:42.267 - Datasource mysql8-19d82e902b8-14316b00ff45b35f not found in project General (/General/Scripts/Script.sql)
2026-04-13 11:17:45.005 - Connect with 'localhost 2' (mysql8-19d85eada28-6a5f7594dc82d6ae)
2026-04-13 11:17:45.007 - Execution context opened (localhost 2; Main; 5)
2026-04-13 11:17:45.089 - Datasource mysql8-19d82e902b8-14316b00ff45b35f not found in project General (/General/Scripts/Script.sql)
2026-04-13 11:17:45.090 - Execution context opened (localhost 2; Metadata; 6)
2026-04-13 11:17:45.194 - Connected (mysql8-19d85eada28-6a5f7594dc82d6ae, MySQL Connector/J [mysql-connector-j-8.2.0 (Revision: 06a1f724497fd81c6a659131fda822c9e5085b6c)])
2026-04-13 11:17:48.865 - Datasource mysql8-19d82e902b8-14316b00ff45b35f not found in project General (/General/Scripts/Script.sql)
2026-04-13 11:17:48.888 - Datasource mysql8-19d82e902b8-14316b00ff45b35f not found in project General (/General/Scripts/Script.sql)
2026-04-13 11:17:48.969 - Datasource mysql8-19d82e902b8-14316b00ff45b35f not found in project General (/General/Scripts/Script.sql)
2026-04-13 11:17:49.670 - Datasource mysql8-19d82e902b8-14316b00ff45b35f not found in project General (/General/Scripts/Script.sql)
2026-04-13 11:17:51.073 - Datasource mysql8-19d82e902b8-14316b00ff45b35f not found in project General (/General/Scripts/Script.sql)
2026-04-13 11:17:51.417 - Datasource mysql8-19d82e902b8-14316b00ff45b35f not found in project General (/General/Scripts/Script.sql)
2026-04-13 11:17:51.434 - Datasource mysql8-19d82e902b8-14316b00ff45b35f not found in project General (/General/Scripts/Script.sql)
2026-04-13 11:17:52.224 - Datasource mysql8-19d82e902b8-14316b00ff45b35f not found in project General (/General/Scripts/Script.sql)
2026-04-13 11:17:52.545 - Datasource mysql8-19d82e902b8-14316b00ff45b35f not found in project General (/General/Scripts/Script.sql)
2026-04-13 11:17:52.559 - Datasource mysql8-19d82e902b8-14316b00ff45b35f not found in project General (/General/Scripts/Script.sql)
2026-04-13 11:17:53.403 - Datasource mysql8-19d82e902b8-14316b00ff45b35f not found in project General (/General/Scripts/Script.sql)
2026-04-13 11:17:53.731 - Datasource mysql8-19d82e902b8-14316b00ff45b35f not found in project General (/General/Scripts/Script.sql)
2026-04-13 11:17:53.739 - Datasource mysql8-19d82e902b8-14316b00ff45b35f not found in project General (/General/Scripts/Script.sql)
2026-04-13 11:17:53.808 - Datasource mysql8-19d82e902b8-14316b00ff45b35f not found in project General (/General/Scripts/Script.sql)
2026-04-13 11:17:54.392 - Datasource mysql8-19d82e902b8-14316b00ff45b35f not found in project General (/General/Scripts/Script.sql)
2026-04-13 11:17:55.598 - Datasource mysql8-19d82e902b8-14316b00ff45b35f not found in project General (/General/Scripts/Script.sql)
2026-04-13 11:17:56.076 - Datasource mysql8-19d82e902b8-14316b00ff45b35f not found in project General (/General/Scripts/Script.sql)
2026-04-13 11:17:56.094 - Datasource mysql8-19d82e902b8-14316b00ff45b35f not found in project General (/General/Scripts/Script.sql)
2026-04-13 11:17:59.808 - Datasource mysql8-19d82e902b8-14316b00ff45b35f not found in project General (/General/Scripts/Script.sql)
2026-04-13 11:18:00.340 - Datasource mysql8-19d82e902b8-14316b00ff45b35f not found in project General (/General/Scripts/Script.sql)
2026-04-13 11:18:00.367 - Datasource mysql8-19d82e902b8-14316b00ff45b35f not found in project General (/General/Scripts/Script.sql)
2026-04-13 11:18:01.106 - Datasource mysql8-19d82e902b8-14316b00ff45b35f not found in project General (/General/Scripts/Script.sql)
2026-04-13 11:18:02.987 - Datasource dbeaver-sample-database-sqlite-1 not found in project General (/General/Scripts/Script-2.sql)
2026-04-13 11:18:02.987 - Datasource mysql8-19d82e902b8-14316b00ff45b35f not found in project General (/General/Scripts/Script.sql)
2026-04-13 11:18:03.137 - Datasource mysql8-19d82e902b8-14316b00ff45b35f not found in project General (/General/Scripts/Script.sql)
2026-04-13 11:18:05.465 - Datasource mysql8-19d82e902b8-14316b00ff45b35f not found in project General (/General/Scripts/Script.sql)
2026-04-13 11:18:08.024 - Datasource mysql8-19d82e902b8-14316b00ff45b35f not found in project General (/General/Scripts/Script.sql)
2026-04-13 11:18:08.052 - Datasource mysql8-19d82e902b8-14316b00ff45b35f not found in project General (/General/Scripts/Script.sql)
2026-04-13 11:18:19.669 - Datasource mysql8-19d82e902b8-14316b00ff45b35f not found in project General (/General/Scripts/Script.sql)
2026-04-13 11:18:19.916 - Datasource mysql8-19d82e902b8-14316b00ff45b35f not found in project General (/General/Scripts/Script.sql)
2026-04-13 11:18:21.979 - Datasource mysql8-19d82e902b8-14316b00ff45b35f not found in project General (/General/Scripts/Script.sql)
2026-04-13 11:18:24.884 - Datasource mysql8-19d82e902b8-14316b00ff45b35f not found in project General (/General/Scripts/Script.sql)
2026-04-13 11:18:31.619 - Datasource mysql8-19d82e902b8-14316b00ff45b35f not found in project General (/General/Scripts/Script.sql)
2026-04-13 11:18:31.643 - Datasource mysql8-19d82e902b8-14316b00ff45b35f not found in project General (/General/Scripts/Script.sql)
2026-04-13 11:18:37.129 - Datasource mysql8-19d82e902b8-14316b00ff45b35f not found in project General (/General/Scripts/Script.sql)
> Start DBeaver Data Transfer [org.jkiss.dbeaver.data.transfer 2.0.160.202604051735]
2026-04-13 14:14:10.144 - Can't parse numeric value [select * from teachers where email like '%h%';] using formatter: For input string: "s"
2026-04-13 14:14:10.148 - Can't parse numeric value [select * from teachers where email like '%h%';] using formatter: For input string: "s"
2026-04-13 14:14:10.150 - Can't parse numeric value [select * from teachers where email like '%h%';] using formatter: For input string: "s"
2026-04-13 14:14:10.153 - Can't parse numeric value [select * from teachers where email like '%h%';] using formatter: For input string: "s"
2026-04-13 14:14:10.155 - Can't parse numeric value [select * from teachers where email like '%h%';] using formatter: For input string: "s"
2026-04-13 14:14:13.076 - Can't parse numeric value [select * from teachers where email like '%h%';] using formatter: For input string: "s"
2026-04-13 14:14:13.078 - Can't parse numeric value [select * from teachers where email like '%h%';] using formatter: For input string: "s"
2026-04-13 14:14:13.080 - Can't parse numeric value [select * from teachers where email like '%h%';] using formatter: For input string: "s"
2026-04-13 14:14:13.082 - Can't parse numeric value [select * from teachers where email like '%h%';] using formatter: For input string: "s"
2026-04-13 14:14:13.084 - Can't parse numeric value [select * from teachers where email like '%h%';] using formatter: For input string: "s"
2026-04-13 14:20:11.377 - org.eclipse.jface.text.BadLocationException
org.eclipse.jface.text.BadLocationException
	at org.eclipse.jface.text.AbstractDocument.getChar(AbstractDocument.java:799)
	at org.eclipse.core.internal.filebuffers.SynchronizableDocument.getChar(SynchronizableDocument.java:236)
	at org.jkiss.dbeaver.ui.editors.sql.util.SQLSymbolInserter.verifyKey(SQLSymbolInserter.java:154)
	at org.eclipse.jface.text.TextViewer$VerifyKeyListenersManager.verifyKey(TextViewer.java:498)
	at org.eclipse.swt.custom.StyledTextListener.handleEvent(StyledTextListener.java:70)
	at org.eclipse.swt.widgets.EventTable.sendEvent(EventTable.java:91)
	at org.eclipse.swt.widgets.Display.sendEvent(Display.java:4349)
	at org.eclipse.swt.widgets.Widget.sendEvent(Widget.java:1217)
	at org.eclipse.swt.widgets.Widget.sendEvent(Widget.java:1241)
	at org.eclipse.swt.widgets.Widget.sendEvent(Widget.java:1226)
	at org.eclipse.swt.widgets.Widget.notifyListeners(Widget.java:863)
	at org.eclipse.swt.custom.StyledText.handleKeyDown(StyledText.java:5797)
	at org.eclipse.swt.custom.StyledText.lambda$32(StyledText.java:5481)
	at org.eclipse.swt.widgets.EventTable.sendEvent(EventTable.java:91)
	at org.eclipse.swt.widgets.Display.sendEvent(Display.java:4349)
	at org.eclipse.swt.widgets.Widget.sendEvent(Widget.java:1217)
	at org.eclipse.swt.widgets.Widget.sendEvent(Widget.java:1241)
	at org.eclipse.swt.widgets.Widget.sendEvent(Widget.java:1226)
	at org.eclipse.swt.widgets.Widget.sendKeyEvent(Widget.java:1268)
	at org.eclipse.swt.widgets.Widget.sendKeyEvent(Widget.java:1264)
	at org.eclipse.swt.widgets.Widget.wmChar(Widget.java:1747)
	at org.eclipse.swt.widgets.Control.WM_CHAR(Control.java:5097)
	at org.eclipse.swt.widgets.Canvas.WM_CHAR(Canvas.java:341)
	at org.eclipse.swt.widgets.Control.windowProc(Control.java:4974)
	at org.eclipse.swt.widgets.Canvas.windowProc(Canvas.java:336)
	at org.eclipse.swt.widgets.Display.windowProc(Display.java:5117)
	at org.eclipse.swt.internal.win32.OS.DispatchMessage(Native Method)
	at org.eclipse.swt.widgets.Display.readAndDispatch(Display.java:3733)
	at org.eclipse.e4.ui.internal.workbench.swt.PartRenderingEngine$5.run(PartRenderingEngine.java:1160)
	at org.eclipse.core.databinding.observable.Realm.runWithDefault(Realm.java:339)
	at org.eclipse.e4.ui.internal.workbench.swt.PartRenderingEngine.run(PartRenderingEngine.java:1051)
	at org.eclipse.e4.ui.internal.workbench.E4Workbench.createAndRunUI(E4Workbench.java:153)
	at org.eclipse.ui.internal.Workbench.lambda$3(Workbench.java:684)
	at org.eclipse.core.databinding.observable.Realm.runWithDefault(Realm.java:339)
	at org.eclipse.ui.internal.Workbench.createAndRunWorkbench(Workbench.java:583)
	at org.eclipse.ui.PlatformUI.createAndRunWorkbench(PlatformUI.java:173)
	at org.jkiss.dbeaver.ui.app.standalone.DBeaverApplication.start(DBeaverApplication.java:331)
	at org.eclipse.equinox.internal.app.EclipseAppHandle.run(EclipseAppHandle.java:219)
	at org.eclipse.core.runtime.internal.adaptor.EclipseAppLauncher.runApplication(EclipseAppLauncher.java:149)
	at org.eclipse.core.runtime.internal.adaptor.EclipseAppLauncher.start(EclipseAppLauncher.java:115)
	at org.eclipse.core.runtime.adaptor.EclipseStarter.run(EclipseStarter.java:467)
	at org.eclipse.core.runtime.adaptor.EclipseStarter.run(EclipseStarter.java:298)
	at java.base/jdk.internal.reflect.DirectMethodHandleAccessor.invoke(DirectMethodHandleAccessor.java:103)
	at java.base/java.lang.reflect.Method.invoke(Method.java:580)
	at org.jkiss.dbeaver.launcher.DBeaverLauncher.invokeFramework(DBeaverLauncher.java:1050)
	at org.jkiss.dbeaver.launcher.DBeaverLauncher.basicRun(DBeaverLauncher.java:679)
	at org.jkiss.dbeaver.launcher.DBeaverLauncher.run(DBeaverLauncher.java:1858)
2026-04-13 14:27:57.992 - Token location is outside of the document boundaries during query parsing
2026-04-13 14:42:50.988 - Execution context closed (localhost, 4)
2026-04-13 14:42:52.034 - Dispose navigator model
2026-04-13 14:42:52.246 - DBeaver is stopping
2026-04-13 14:42:52.265 - Stop instance server
2026-04-13 14:42:53.280 - DBeaver shutdown completed
2026-04-13 14:42:53.310 - Instance server has been stopped
2026-04-13 14:42:53.483 - Shutdown desktop platform...
2026-04-13 14:42:53.500 - Send collected statistics
2026-04-13 14:42:53.516 - Open [https://stats.dbeaver.com/send-statistics?session=54f4aed3-6d9c-4fd3-8749-651eb73bacd2&time=1776067767]
2026-04-13 14:42:54.772 - Statistics sent (OK)
2026-04-13 14:42:54.793 - Execution context closed (localhost, 2)
2026-04-13 14:42:54.804 - Execution context closed (localhost, 3)
2026-04-13 14:42:54.804 - Disconnected (mysql8-19d85e56140-4d188a171c4e530b)
2026-04-13 14:42:54.816 - Execution context closed (localhost 2, 5)
2026-04-13 14:42:54.827 - Execution context closed (localhost 2, 6)
2026-04-13 14:42:54.827 - Disconnected (mysql8-19d85eada28-6a5f7594dc82d6ae)
2026-04-13 14:42:54.997 - Platform shutdown completed (1513ms)
